Log file open, 10/17/17 16:07:01
LogInit:Display: Running engine for game: GDD2Platformer
LogPlatformFile: Not using cached read wrapper
LogInit:Display: RandInit(-2028312247) SRandInit(-2028312247).
LogTaskGraph: Started task graph with 5 named threads and 8 total threads with 1 sets of task threads.
LogStats: Stats thread started at 0.092784
LogInit: Using libcurl 7.47.1
LogInit:  - built for x86_64-pc-win32
LogInit:  - supports SSL with OpenSSL/1.0.2g
LogInit:  - supports HTTP deflate (compression) using libz 1.2.8
LogInit:  - other features:
LogInit:      CURL_VERSION_SSL
LogInit:      CURL_VERSION_LIBZ
LogInit:      CURL_VERSION_IPV6
LogInit:      CURL_VERSION_ASYNCHDNS
LogInit:      CURL_VERSION_LARGEFILE
LogInit:      CURL_VERSION_IDN
LogInit:  CurlRequestOptions (configurable via config and command line):
LogInit:  - bVerifyPeer = false  - Libcurl will NOT verify peer certificate
LogInit:  - bUseHttpProxy = false  - Libcurl will NOT use HTTP proxy
LogInit:  - bDontReuseConnections = false  - Libcurl will reuse connections
LogInit:  - CertBundlePath = nullptr  - Libcurl will use whatever was configured at build time.
LogInit: Build: ++UE4+Release-4.16-CL-3514769
LogInit: Engine Version: 4.16.2-3514769+++UE4+Release-4.16
LogInit: Compatible Engine Version: 4.16.0-3452394+++UE4+Release-4.16
LogInit: Net CL: 3452394
LogDevObjectVersion: Number of dev versions registered: 16
LogDevObjectVersion:   Dev-Blueprints (B0D832E4-1F89-4F0D-ACCF-7EB736FD4AA2): 9
LogDevObjectVersion:   Dev-Build (E1C64328-A22C-4D53-A36C-8E866417BD8C): 0
LogDevObjectVersion:   Dev-Core (375EC13C-06E4-48FB-B500-84F0262A717E): 2
LogDevObjectVersion:   Dev-Editor (E4B068ED-F494-42E9-A231-DA0B2E46BB41): 17
LogDevObjectVersion:   Dev-Framework (CFFC743F-43B0-4480-9391-14DF171D2073): 23
LogDevObjectVersion:   Dev-Mobile (B02B49B5-BB20-44E9-A304-32B752E40360): 0
LogDevObjectVersion:   Dev-Networking (A4E4105C-59A1-49B5-A7C5-40C4547EDFEE): 0
LogDevObjectVersion:   Dev-Online (39C831C9-5AE6-47DC-9A44-9C173E1C8E7C): 0
LogDevObjectVersion:   Dev-Physics (78F01B33-EBEA-4F98-B9B4-84EACCB95AA2): 0
LogDevObjectVersion:   Dev-Platform (6631380F-2D4D-43E0-8009-CF276956A95A): 0
LogDevObjectVersion:   Dev-Rendering (12F88B9F-8875-4AFC-A67C-D90C383ABD29): 15
LogDevObjectVersion:   Dev-Sequencer (7B5AE74C-D270-4C10-A958-57980B212A5A): 4
LogDevObjectVersion:   Dev-VR (D7296918-1DD6-4BDD-9DE2-64A83CC13884): 0
LogDevObjectVersion:   Dev-LoadTimes (C2A15278-BFE7-4AFE-6C17-90FF531DF755): 1
LogDevObjectVersion:   Private-Geometry (6EACA3D4-40EC-4CC1-B786-8BED09428FC5): 1
LogDevObjectVersion:   Dev-AnimPhys (29E575DD-E0A3-4627-9D10-D276232CDCEA): 3
LogInit: Compiled (64-bit): Jun 29 2017 02:03:24
LogInit: Compiled with Visual C++: 19.00.24215.01
LogInit: Build Configuration: Development
LogInit: Branch Name: ++UE4+Release-4.16
LogInit: Command line:  
LogInit: Base directory: C:/Program Files/Epic Games/UE_4.16/Engine/Binaries/Win64/
LogInit: Installed Engine Build: 1
LogInit: Presizing for max 8388607 objects, including 0 objects not considered by GC, pre-allocating 0 bytes for permanent pool.
LogInit: Object subsystem initialized
[2017.10.17-20.07.01:576][  0]LogInit: Selected Device Profile: [Windows]
[2017.10.17-20.07.01:576][  0]LogInit: Applying CVar settings loaded from the selected device profile: [Windows]
[2017.10.17-20.07.01:623][  0]LogInit: Computer: IGM2000-03
[2017.10.17-20.07.01:623][  0]LogInit: User: jxt8029
[2017.10.17-20.07.01:623][  0]LogInit: CPU Page size=4096, Cores=4
[2017.10.17-20.07.01:623][  0]LogInit: High frequency timer resolution =3.515628 MHz
[2017.10.17-20.07.01:624][  0]LogMemory: Memory total: Physical=15.9GB (16GB approx)
[2017.10.17-20.07.01:624][  0]LogMemory: Platform Memory Stats for Windows
[2017.10.17-20.07.01:624][  0]LogMemory: Process Physical Memory: 273.45 MB used, 273.45 MB peak
[2017.10.17-20.07.01:624][  0]LogMemory: Process Virtual Memory: 260.98 MB used, 260.98 MB peak
[2017.10.17-20.07.01:624][  0]LogMemory: Physical Memory: 4000.84 MB used,  12328.45 MB free, 16329.29 MB total
[2017.10.17-20.07.01:624][  0]LogMemory: Virtual Memory: 638.49 MB used,  12328.45 MB free, 134217728.00 MB total
[2017.10.17-20.07.01:702][  0]LogInit: Using OS detected language (en-US).
[2017.10.17-20.07.01:702][  0]LogInit: Using OS detected locale (en-US).
[2017.10.17-20.07.01:704][  0]LogTextLocalizationManager: No specific localization for 'en-US' exists, so the 'en' localization will be used.
[2017.10.17-20.07.02:383][  0]LogD3D11RHI: D3D11 adapters:
[2017.10.17-20.07.02:421][  0]LogD3D11RHI:    0. 'NVIDIA GeForce GTX 1070' (Feature Level 11_0)
[2017.10.17-20.07.02:421][  0]LogD3D11RHI:       8081/0/8164 MB DedicatedVideo/DedicatedSystem/SharedSystem, Outputs:2, VendorId:0x10de
[2017.10.17-20.07.02:423][  0]LogD3D11RHI:    1. 'Microsoft Basic Render Driver' (Feature Level 11_0)
[2017.10.17-20.07.02:423][  0]LogD3D11RHI:       0/0/8164 MB DedicatedVideo/DedicatedSystem/SharedSystem, Outputs:0, VendorId:0x1414
[2017.10.17-20.07.02:423][  0]LogD3D11RHI: Chosen D3D11 Adapter: 0
[2017.10.17-20.07.02:426][  0]LogD3D11RHI: Creating new Direct3DDevice
[2017.10.17-20.07.02:426][  0]LogD3D11RHI:     GPU DeviceId: 0x1b81 (for the marketing name, search the web for "GPU Device Id")
[2017.10.17-20.07.02:426][  0]LogWindows: EnumDisplayDevices:
[2017.10.17-20.07.02:427][  0]LogWindows:    0. 'NVIDIA GeForce GTX 1070' (P:1 D:1)
[2017.10.17-20.07.02:427][  0]LogWindows:    1. 'NVIDIA GeForce GTX 1070' (P:0 D:1)
[2017.10.17-20.07.02:427][  0]LogWindows:    2. 'NVIDIA GeForce GTX 1070' (P:0 D:0)
[2017.10.17-20.07.02:427][  0]LogWindows:    3. 'NVIDIA GeForce GTX 1070' (P:0 D:0)
[2017.10.17-20.07.02:427][  0]LogWindows: DebugString: FoundDriverCount:4 
[2017.10.17-20.07.02:427][  0]LogD3D11RHI:     Adapter Name: NVIDIA GeForce GTX 1070
[2017.10.17-20.07.02:427][  0]LogD3D11RHI:   Driver Version: 384.76 (internal:22.21.13.8476, unified:384.76)
[2017.10.17-20.07.02:427][  0]LogD3D11RHI:      Driver Date: 6-27-2017
[2017.10.17-20.07.02:427][  0]LogRHI: Texture pool is 1361 MB (70% of 1945 MB)
[2017.10.17-20.07.02:446][  0]LogD3D11RHI: Async texture creation enabled
[2017.10.17-20.07.02:456][  0]LogD3D11RHI: GPU Timing Frequency: 1000.000000 (Debug: 2 1)
[2017.10.17-20.07.02:457][  0]LogShaderCompilers: Guid format shader working directory is 1 characters bigger than the processId version (Z:/IGMProfile/Documents/PuzzleGame/GDD2Platformer/Intermediate/Shaders/WorkingDirectory/11568/).
[2017.10.17-20.07.02:457][  0]LogShaderCompilers: Cleaned the shader compiler working directory 'D:/Profiles/jxt8029/AppData/Local/Temp/UnrealShaderWorkingDir/3D4B78C14F081EF0EDCF2D9E37736586/'.
[2017.10.17-20.07.02:457][  0]LogShaderCompilers:Display: Using Local Shader Compiler.
[2017.10.17-20.07.03:207][  0]LogTemp:Display: Loaded TP AllDesktopTargetPlatform
[2017.10.17-20.07.03:249][  0]LogTemp:Display: Loaded TP MacClientTargetPlatform
[2017.10.17-20.07.03:290][  0]LogTemp:Display: Loaded TP MacNoEditorTargetPlatform
[2017.10.17-20.07.03:331][  0]LogTemp:Display: Loaded TP MacServerTargetPlatform
[2017.10.17-20.07.03:372][  0]LogTemp:Display: Loaded TP MacTargetPlatform
[2017.10.17-20.07.03:414][  0]LogTemp:Display: Loaded TP WindowsClientTargetPlatform
[2017.10.17-20.07.03:455][  0]LogTemp:Display: Loaded TP WindowsNoEditorTargetPlatform
[2017.10.17-20.07.03:498][  0]LogTemp:Display: Loaded TP WindowsServerTargetPlatform
[2017.10.17-20.07.03:536][  0]LogTemp:Display: Loaded TP WindowsTargetPlatform
[2017.10.17-20.07.03:581][  0]LogTemp:Display: Loaded TP AndroidTargetPlatform
[2017.10.17-20.07.03:624][  0]LogTemp:Display: Loaded TP Android_ASTCTargetPlatform
[2017.10.17-20.07.03:667][  0]LogTemp:Display: Loaded TP Android_ATCTargetPlatform
[2017.10.17-20.07.03:707][  0]LogTemp:Display: Loaded TP Android_DXTTargetPlatform
[2017.10.17-20.07.03:746][  0]LogTemp:Display: Loaded TP Android_ETC1TargetPlatform
[2017.10.17-20.07.03:786][  0]LogTemp:Display: Loaded TP Android_ETC2TargetPlatform
[2017.10.17-20.07.03:867][  0]LogTemp:Display: Loaded TP Android_MultiTargetPlatform
[2017.10.17-20.07.03:867][  0]LogTemp:Display: Loaded TP Android_PVRTCTargetPlatform
[2017.10.17-20.07.03:896][  0]LogTemp:Display: Loaded TP HTML5TargetPlatform
[2017.10.17-20.07.03:975][  0]LogTemp:Display: Loaded TP IOSTargetPlatform
[2017.10.17-20.07.04:001][  0]LogTemp:Display: Loaded TP TVOSTargetPlatform
[2017.10.17-20.07.04:061][  0]LogTemp:Display: Loaded TP LinuxClientTargetPlatform
[2017.10.17-20.07.04:101][  0]LogTemp:Display: Loaded TP LinuxNoEditorTargetPlatform
[2017.10.17-20.07.04:141][  0]LogTemp:Display: Loaded TP LinuxServerTargetPlatform
[2017.10.17-20.07.04:191][  0]LogTemp:Display: Loaded TP LinuxTargetPlatform
[2017.10.17-20.07.04:191][  0]LogTargetPlatformManager:Display: Building Assets For Windows
[2017.10.17-20.07.04:586][  0]LogDerivedDataCache:Display: Max Cache Size: 512 MB
[2017.10.17-20.07.04:660][  0]LogDerivedDataCache: Loaded boot cache 0.07s 90MB D:/Profiles/jxt8029/AppData/Local/UnrealEngine/4.16/DerivedDataCache/Boot.ddc.
[2017.10.17-20.07.04:660][  0]LogDerivedDataCache:Display: Loaded Boot cache: D:/Profiles/jxt8029/AppData/Local/UnrealEngine/4.16/DerivedDataCache/Boot.ddc
[2017.10.17-20.07.04:661][  0]LogDerivedDataCache: FDerivedDataBackendGraph:  Pak pak cache file Z:/IGMProfile/Documents/PuzzleGame/GDD2Platformer/DerivedDataCache/DDC.ddp not found, will not use a pak cache.
[2017.10.17-20.07.04:661][  0]LogDerivedDataCache: Unable to find inner node Pak for hierarchical cache Hierarchy.
[2017.10.17-20.07.04:662][  0]LogDerivedDataCache: FDerivedDataBackendGraph:  CompressedPak pak cache file Z:/IGMProfile/Documents/PuzzleGame/GDD2Platformer/DerivedDataCache/Compressed.ddp not found, will not use a pak cache.
[2017.10.17-20.07.04:662][  0]LogDerivedDataCache: Unable to find inner node CompressedPak for hierarchical cache Hierarchy.
[2017.10.17-20.07.04:674][  0]LogDerivedDataCache:Display: Pak cache opened for reading ../../../Engine/DerivedDataCache/Compressed.ddp.
[2017.10.17-20.07.04:686][  0]LogDerivedDataCache: Using Local data cache path D:/Profiles/jxt8029/AppData/Local/UnrealEngine/Common/DerivedDataCache: Writable
[2017.10.17-20.07.04:693][  0]LogMaterial: Verifying Global Shaders for PCD3D_SM5
[2017.10.17-20.07.04:693][  0]LogSlate: Using Freetype 2.6.0
[2017.10.17-20.07.04:694][  0]LogSlate: SlateFontCache - WITH_FREETYPE: 1, WITH_HARFBUZZ: 1
[2017.10.17-20.07.04:694][  0]LogSlate: SlateFontCache - WITH_FREETYPE: 1, WITH_HARFBUZZ: 1
[2017.10.17-20.07.05:868][  0]LogInit: Selected Device Profile: [Windows]
[2017.10.17-20.07.05:971][  0]LogContentStreaming: Texture pool size is 0.00 MB
[2017.10.17-20.07.06:097][  0]LogMeshUtilities: Using QuadricMeshReduction for automatic static mesh reduction
[2017.10.17-20.07.06:132][  0]LogSimplygon: Simplygon DLL not present - disabling.
[2017.10.17-20.07.06:167][  0]LogMeshUtilities: Using SimplygonSwarm for distributed automatic mesh merging
[2017.10.17-20.07.06:167][  0]LogMeshUtilities: No automatic skeletal mesh reduction module available
[2017.10.17-20.07.06:167][  0]LogMeshUtilities: No automatic mesh merging module available
[2017.10.17-20.07.06:596][  0]LogNetVersion: GDD2Platformer , NetCL: 3452394, EngineNetVer: 2, GameNetVer: 0 (Checksum: 4204315376)
[2017.10.17-20.07.06:653][  0]LogAssetRegistry: FAssetRegistry took 0.0298 seconds to start up
[2017.10.17-20.07.07:514][  0]LogPackageLocalizationCache: Processed 4 localized package path(s) for 2 prioritized culture(s) in 0.838873 seconds
[2017.10.17-20.07.07:519][  0]LogUObjectArray: 34194 objects as part of root set at end of initial load.
[2017.10.17-20.07.07:519][  0]LogUObjectAllocator: 7260424 out of 0 bytes used by permanent object pool.
[2017.10.17-20.07.07:519][  0]LogUObjectArray: CloseDisregardForGC: 0/0 objects in disregard for GC pool
[2017.10.17-20.07.07:575][  0]LogInit: WinSock: version 1.1 (2.2), MaxSocks=32767, MaxUdp=65467
[2017.10.17-20.07.09:512][  0]LogTcpMessaging: Initializing TcpMessaging bridge
[2017.10.17-20.07.09:566][  0]LogUdpMessaging: Initializing bridge on interface 0.0.0.0:0 to multicast group 230.0.0.1:6666.
[2017.10.17-20.07.09:567][  0]LogDirectoryWatcher: A directory notification failed for 'Z:/IGMProfile/Documents/PuzzleGame/GDD2Platformer/Content/' because it was empty or there was a buffer overflow. Attemping another request...
[2017.10.17-20.07.10:027][  0]LogMaterial: Uniform references updated for custom material expression Custom.
[2017.10.17-20.07.10:348][  0]SourceControl: Info Source control is disabled
[2017.10.17-20.07.10:369][  0]SourceControl: Info Source control is disabled
[2017.10.17-20.07.10:406][  0]SourceControl: Info Source control is disabled
[2017.10.17-20.07.10:441][  0]SourceControl: Info Source control is disabled
[2017.10.17-20.07.10:960][  0]LogAndroidPermission: UAndroidPermissionCallbackProxy::GetInstance
[2017.10.17-20.07.11:438][  0]LogEngine: Initializing Engine...
[2017.10.17-20.07.11:438][  0]LogHMD: Failed to initialize OpenVR with code 110
[2017.10.17-20.07.11:592][  0]LogStats: UGameplayTagsManager::ConstructGameplayTagTree: Construct from data asset -  0.000 s
[2017.10.17-20.07.11:592][  0]LogStats: UGameplayTagsManager::ConstructGameplayTagTree: GameplayTagTreeChangedEvent.Broadcast -  0.000 s
[2017.10.17-20.07.11:697][  0]LogAIModule: Creating AISystem for world Untitled
[2017.10.17-20.07.11:706][  0]LogInit: XAudio2 using 'Speakers (2- Realtek High Definition Audio)' : 2 channels at 48 kHz using 32 bits per sample (channel mask 0x3)
[2017.10.17-20.07.11:728][  0]LogInit: FAudioDevice initialized.
[2017.10.17-20.07.11:758][  0]LogDerivedDataCache: Saved boot cache 0.03s 90MB D:/Profiles/jxt8029/AppData/Local/UnrealEngine/4.16/DerivedDataCache/Boot.ddc.
[2017.10.17-20.07.11:770][  0]LogInit: Texture streaming: Enabled
[2017.10.17-20.07.11:842][  0]LogEngineSessionManager: EngineSessionManager initialized
[2017.10.17-20.07.12:017][  0]LogInit: Transaction tracking system initialized
[2017.10.17-20.07.12:288][  0]BlueprintLog: New page: Editor Load
[2017.10.17-20.07.13:056][  0]LocalizationService: Info Localization service is disabled
[2017.10.17-20.07.13:629][  0]LogConsoleResponse:Display: 
[2017.10.17-20.07.13:752][  0]LogCook:Display: Max memory allowance for cook 16384mb min free memory 0mb
[2017.10.17-20.07.13:752][  0]LogCook:Display: Mobile HDR setting 1
[2017.10.17-20.07.14:534][  0]LogFileCache: Scanning file cache for directory 'Z:/IGMProfile/Documents/PuzzleGame/GDD2Platformer/Content/' took 0.09s
[2017.10.17-20.07.14:570][  0]SourceControl: Info Source control is disabled
[2017.10.17-20.07.14:570][  0]Cmd: MAP LOAD FILE="Z:/IGMProfile/Documents/PuzzleGame/GDD2Platformer/Content/FirstPersonBP/Maps/FirstPersonExampleMap.umap" TEMPLATE=0 SHOWPROGRESS=1 FEATURELEVEL=3
[2017.10.17-20.07.14:572][  0]LogEditorServer:Warning: Can't find file 'Z:/IGMProfile/Documents/PuzzleGame/GDD2Platformer/Content/FirstPersonBP/Maps/FirstPersonExampleMap.umap'
[2017.10.17-20.07.14:572][  0]Cmd: MAP CHECKDEP NOCLEARLOG
[2017.10.17-20.07.14:609][  0]MapCheck: Info Map check complete: 0 Error(s), 0 Warning(s), took 37.128ms to complete.
[2017.10.17-20.07.14:609][  0]LogFileHelpers: Loading map 'FirstPersonExampleMap' took 0.039
[2017.10.17-20.07.14:731][  0]LogCollectionManager: Loaded 0 collections in 0.003676 seconds
[2017.10.17-20.07.14:808][  0]LogFileCache: Scanning file cache for directory 'Z:/IGMProfile/Documents/PuzzleGame/GDD2Platformer/Saved/Collections/' took 0.01s
[2017.10.17-20.07.14:808][  0]LogFileCache: Scanning file cache for directory 'Z:/IGMProfile/Documents/PuzzleGame/GDD2Platformer/Content/Developers/jxt8029/Collections/' took 0.01s
[2017.10.17-20.07.14:808][  0]LogFileCache: Scanning file cache for directory 'Z:/IGMProfile/Documents/PuzzleGame/GDD2Platformer/Content/Collections/' took 0.01s
[2017.10.17-20.07.14:808][  0]LogCollectionManager: Rebuilt the GUID cache for 0 collections in 0.000001 seconds
[2017.10.17-20.07.14:814][  0]LogContentBrowser: Native class hierarchy populated in 0.0064 seconds. Added 2329 classes and 491 folders.
[2017.10.17-20.07.14:866][  0]LogContentBrowser: Native class hierarchy updated for 'WidgetCarousel' in 0.0004 seconds. Added 0 classes and 0 folders.
[2017.10.17-20.07.14:893][  0]LogContentBrowser: Native class hierarchy updated for 'AddContentDialog' in 0.0006 seconds. Added 0 classes and 0 folders.
[2017.10.17-20.07.14:926][  0]LogContentBrowser: Native class hierarchy updated for 'SceneOutliner' in 0.0004 seconds. Added 1 classes and 2 folders.
[2017.10.17-20.07.14:956][  0]LogCrashTracker: Crashtracker disabled due to settings.
[2017.10.17-20.07.14:960][  0]LogSlate: Took 0.000356 seconds to synchronously load lazily loaded font '../../../Engine/Content/Slate/Fonts/Roboto-Regular.ttf' (155K)
[2017.10.17-20.07.14:962][  0]LogSlate: Took 0.000150 seconds to synchronously load lazily loaded font '../../../Engine/Content/Slate/Fonts/Roboto-Bold.ttf' (160K)
[2017.10.17-20.07.14:968][  0]LogSlate: Took 0.000179 seconds to synchronously load lazily loaded font '../../../Engine/Content/Editor/Slate/Fonts/FontAwesome.ttf' (139K)
[2017.10.17-20.07.15:054][  0]LogRenderer: Reallocating scene render targets to support 1208x576 NumSamples 1 (Frame:1).
[2017.10.17-20.07.15:128][  0]LogUObjectGlobals:Warning: Failed to find object 'Class None.'
[2017.10.17-20.07.15:183][  0]LogContentBrowser: Native class hierarchy updated for 'HierarchicalLODOutliner' in 0.0006 seconds. Added 1 classes and 2 folders.
[2017.10.17-20.07.15:183][  0]LogLoad: (Engine Initialization) Total time: 16.29 seconds
[2017.10.17-20.07.15:183][  0]LogLoad: (Engine Initialization) Total Blueprint compile time: 0.03 seconds
[2017.10.17-20.07.15:183][  0]LogExternalProfiler: Found external profiler: VSPerf
[2017.10.17-20.07.15:183][  0]LogExternalProfiler: Using external profiler: VSPerf
[2017.10.17-20.07.15:194][  0]LogWindowsTextInputMethodSystem:Display: IME system now deactivated.
[2017.10.17-20.07.15:194][  0]LogOcInput: OculusInput pre-init called
[2017.10.17-20.07.15:194][  0]LogHMD: Starting GearVRController plugin
[2017.10.17-20.07.15:218][  0]LogAssetRegistry: Asset discovery search completed in 8.5859 seconds
[2017.10.17-20.07.15:219][  0]LogCollectionManager: Rebuilt the object cache for 0 collections in 0.000000 seconds (found 0 objects)
[2017.10.17-20.07.15:219][  0]LogCollectionManager: Fixed up redirectors for 0 collections in 0.000017 seconds (updated 0 objects)
[2017.10.17-20.07.15:219][  0]LogDirectoryWatcher: A directory notification failed for 'Z:/IGMProfile/Documents/PuzzleGame/GDD2Platformer/Content/' because it was empty or there was a buffer overflow. Attemping another request...
[2017.10.17-20.07.15:220][  0]LogDirectoryWatcher: A directory notification failed for 'Z:/IGMProfile/Documents/PuzzleGame/GDD2Platformer/Content/', and we were unable to create a new request.
[2017.10.17-20.07.15:220][  0]LogDirectoryWatcher: A directory notification failed for 'Z:/IGMProfile/Documents/PuzzleGame/GDD2Platformer/Saved/Collections/' because it was empty or there was a buffer overflow. Attemping another request...
[2017.10.17-20.07.15:220][  0]LogDirectoryWatcher: A directory notification failed for 'Z:/IGMProfile/Documents/PuzzleGame/GDD2Platformer/Content/Developers/jxt8029/Collections/' because it was empty or there was a buffer overflow. Attemping another request...
[2017.10.17-20.07.15:220][  0]LogDirectoryWatcher: A directory notification failed for 'Z:/IGMProfile/Documents/PuzzleGame/GDD2Platformer/Content/Collections/' because it was empty or there was a buffer overflow. Attemping another request...
[2017.10.17-20.07.15:222][  0]LogContentStreaming: Texture pool size now 1000 MB
[2017.10.17-20.07.15:270][  0]LogSlate: Took 0.000127 seconds to synchronously load lazily loaded font '../../../Engine/Content/Slate/Fonts/Roboto-Light.ttf' (159K)
[2017.10.17-20.07.15:282][  1]LogFileCache: Retrieving MD5 hashes for directory 'Z:/IGMProfile/Documents/PuzzleGame/GDD2Platformer/Content/' took 0.08s
[2017.10.17-20.07.15:291][  1]LogDirectoryWatcher: A directory notification failed for 'Z:/IGMProfile/Documents/PuzzleGame/GDD2Platformer/Saved/Collections/' because it was empty or there was a buffer overflow. Attemping another request...
[2017.10.17-20.07.15:296][  1]LogDirectoryWatcher: A directory notification failed for 'Z:/IGMProfile/Documents/PuzzleGame/GDD2Platformer/Saved/Collections/', and we were unable to create a new request.
[2017.10.17-20.07.15:296][  1]LogDirectoryWatcher: A directory notification failed for 'Z:/IGMProfile/Documents/PuzzleGame/GDD2Platformer/Content/Collections/' because it was empty or there was a buffer overflow. Attemping another request...
[2017.10.17-20.07.15:296][  1]LogDirectoryWatcher: A directory notification failed for 'Z:/IGMProfile/Documents/PuzzleGame/GDD2Platformer/Content/Collections/', and we were unable to create a new request.
[2017.10.17-20.07.15:296][  1]LogDirectoryWatcher: A directory notification failed for 'Z:/IGMProfile/Documents/PuzzleGame/GDD2Platformer/Content/Developers/jxt8029/Collections/' because it was empty or there was a buffer overflow. Attemping another request...
[2017.10.17-20.07.15:297][  1]LogDirectoryWatcher: A directory notification failed for 'Z:/IGMProfile/Documents/PuzzleGame/GDD2Platformer/Content/Developers/jxt8029/Collections/', and we were unable to create a new request.
[2017.10.17-20.07.16:214][108]LogSlate: Took 0.000182 seconds to synchronously load lazily loaded font '../../../Engine/Content/Slate/Fonts/Roboto-Light.ttf' (159K)
[2017.10.17-20.07.20:626][635]LogSlate: Took 0.000125 seconds to synchronously load lazily loaded font '../../../Engine/Content/Slate/Fonts/Roboto-Light.ttf' (159K)
[2017.10.17-20.07.21:557][635]LogLinker:Warning: Can't find file '/Game/StarterContent/Textures/T_Ground_Gravel_D'
[2017.10.17-20.07.21:557][635]LogLinker:Warning: Can't find file for asset '/Game/StarterContent/Textures/T_Ground_Gravel_D' while loading Z:/IGMProfile/Documents/PuzzleGame/GDD2Platformer/Content/StarterContent/Materials/M_Ground_Gravel.uasset.
[2017.10.17-20.07.21:557][635]LoadErrors:Error: Error /Game/StarterContent/Materials/M_Ground_Gravel : Can't find file for asset. /Game/StarterContent/Textures/T_Ground_Gravel_D
[2017.10.17-20.07.21:559][635]LogLinker:Warning: Can't find file '/Game/StarterContent/Textures/T_Ground_Gravel_N'
[2017.10.17-20.07.21:559][635]LogLinker:Warning: Can't find file for asset '/Game/StarterContent/Textures/T_Ground_Gravel_N' while loading Z:/IGMProfile/Documents/PuzzleGame/GDD2Platformer/Content/StarterContent/Materials/M_Ground_Gravel.uasset.
[2017.10.17-20.07.21:559][635]LoadErrors:Error: Error /Game/StarterContent/Materials/M_Ground_Gravel : Can't find file for asset. /Game/StarterContent/Textures/T_Ground_Gravel_N
[2017.10.17-20.07.21:560][635]LogLinker:Warning: Can't find file '/Game/StarterContent/Textures/T_MacroVariation'
[2017.10.17-20.07.21:560][635]LogLinker:Warning: Can't find file for asset '/Game/StarterContent/Textures/T_MacroVariation' while loading Z:/IGMProfile/Documents/PuzzleGame/GDD2Platformer/Content/StarterContent/Materials/M_Ground_Gravel.uasset.
[2017.10.17-20.07.21:560][635]LoadErrors:Error: Error /Game/StarterContent/Materials/M_Ground_Gravel : Can't find file for asset. /Game/StarterContent/Textures/T_MacroVariation
[2017.10.17-20.07.21:562][635]LogLinker:Warning: Can't find file '/Game/StarterContent/Textures/T_Perlin_Noise_M'
[2017.10.17-20.07.21:562][635]LogLinker:Warning: Can't find file for asset '/Game/StarterContent/Textures/T_Perlin_Noise_M' while loading Z:/IGMProfile/Documents/PuzzleGame/GDD2Platformer/Content/StarterContent/Materials/M_Ground_Gravel.uasset.
[2017.10.17-20.07.21:562][635]LoadErrors:Error: Error /Game/StarterContent/Materials/M_Ground_Gravel : Can't find file for asset. /Game/StarterContent/Textures/T_Perlin_Noise_M
[2017.10.17-20.07.21:562][635]LogLinker:Warning: Can't find file '/Game/StarterContent/Textures/T_Ground_Gravel_D'
[2017.10.17-20.07.21:562][635]LogLinker:Warning: Can't find file for asset '/Game/StarterContent/Textures/T_Ground_Gravel_D' while loading Z:/IGMProfile/Documents/PuzzleGame/GDD2Platformer/Content/StarterContent/Materials/M_Ground_Gravel.uasset.
[2017.10.17-20.07.21:562][635]LogLinker:Warning: Can't find file '/Game/StarterContent/Textures/T_Ground_Gravel_N'
[2017.10.17-20.07.21:562][635]LogLinker:Warning: Can't find file for asset '/Game/StarterContent/Textures/T_Ground_Gravel_N' while loading Z:/IGMProfile/Documents/PuzzleGame/GDD2Platformer/Content/StarterContent/Materials/M_Ground_Gravel.uasset.
[2017.10.17-20.07.21:562][635]LogLinker:Warning: Can't find file '/Game/StarterContent/Textures/T_MacroVariation'
[2017.10.17-20.07.21:562][635]LogLinker:Warning: Can't find file for asset '/Game/StarterContent/Textures/T_MacroVariation' while loading Z:/IGMProfile/Documents/PuzzleGame/GDD2Platformer/Content/StarterContent/Materials/M_Ground_Gravel.uasset.
[2017.10.17-20.07.21:562][635]LogLinker:Warning: Can't find file '/Game/StarterContent/Textures/T_Perlin_Noise_M'
[2017.10.17-20.07.21:562][635]LogLinker:Warning: Can't find file for asset '/Game/StarterContent/Textures/T_Perlin_Noise_M' while loading Z:/IGMProfile/Documents/PuzzleGame/GDD2Platformer/Content/StarterContent/Materials/M_Ground_Gravel.uasset.
[2017.10.17-20.07.21:643][635]LogLinker:Warning: Can't find file '/Game/StarterContent/Textures/T_Ground_Gravel_D'
[2017.10.17-20.07.21:643][635]LoadErrors: Info Failed to load /Game/StarterContent/Textures/T_Ground_Gravel_D.T_Ground_Gravel_D Referenced by MaterialExpressionTextureSample_25
[2017.10.17-20.07.21:643][635]LogLinker:Warning: Can't find file for asset '/Game/StarterContent/Textures/T_Ground_Gravel_D' while loading NULL.
[2017.10.17-20.07.21:643][635]LogLinker:Warning: Can't find file '/Game/StarterContent/Textures/T_Ground_Gravel_N'
[2017.10.17-20.07.21:643][635]LoadErrors: Info Failed to load /Game/StarterContent/Textures/T_Ground_Gravel_N.T_Ground_Gravel_N Referenced by MaterialExpressionTextureSample_26
[2017.10.17-20.07.21:644][635]LogLinker:Warning: Can't find file for asset '/Game/StarterContent/Textures/T_Ground_Gravel_N' while loading NULL.
[2017.10.17-20.07.21:644][635]LogLinker:Warning: Can't find file '/Game/StarterContent/Textures/T_Perlin_Noise_M'
[2017.10.17-20.07.21:644][635]LoadErrors: Info Failed to load /Game/StarterContent/Textures/T_Perlin_Noise_M.T_Perlin_Noise_M Referenced by MaterialExpressionTextureSample_4
[2017.10.17-20.07.21:644][635]LogLinker:Warning: Can't find file for asset '/Game/StarterContent/Textures/T_Perlin_Noise_M' while loading NULL.
[2017.10.17-20.07.21:644][635]LogLinker:Warning: Can't find file '/Game/StarterContent/Textures/T_MacroVariation'
[2017.10.17-20.07.21:644][635]LoadErrors: Info Failed to load /Game/StarterContent/Textures/T_MacroVariation.T_MacroVariation Referenced by MaterialExpressionTextureSample_5
[2017.10.17-20.07.21:644][635]LogLinker:Warning: Can't find file for asset '/Game/StarterContent/Textures/T_MacroVariation' while loading NULL.
[2017.10.17-20.07.21:644][635]LogLinker:Warning: Can't find file '/Game/StarterContent/Textures/T_MacroVariation'
[2017.10.17-20.07.21:644][635]LoadErrors: Info Failed to load /Game/StarterContent/Textures/T_MacroVariation.T_MacroVariation Referenced by MaterialExpressionTextureSample_6
[2017.10.17-20.07.21:644][635]LogLinker:Warning: Can't find file for asset '/Game/StarterContent/Textures/T_MacroVariation' while loading NULL.
[2017.10.17-20.07.21:645][635]LogLinker:Warning: Can't find file '/Game/StarterContent/Textures/T_MacroVariation'
[2017.10.17-20.07.21:645][635]LoadErrors: Info Failed to load /Game/StarterContent/Textures/T_MacroVariation.T_MacroVariation Referenced by MaterialExpressionTextureSample_7
[2017.10.17-20.07.21:645][635]LogLinker:Warning: Can't find file for asset '/Game/StarterContent/Textures/T_MacroVariation' while loading NULL.
[2017.10.17-20.07.21:677][635]LogSlate: Took 0.000114 seconds to synchronously load lazily loaded font '../../../Engine/Content/Slate/Fonts/Roboto-Regular.ttf' (155K)
[2017.10.17-20.07.21:755][635]LogMaterial: Missing cached shader map for material M_Ground_Gravel, compiling. 
[2017.10.17-20.07.21:755][635]LogMaterial:Warning: Failed to compile Material /Game/StarterContent/Materials/M_Ground_Gravel.M_Ground_Gravel for platform PCD3D_SM5, Default Material will be used in game.
[2017.10.17-20.07.21:755][635]LogMaterial:Warning: 	(Node TextureSample) Texture Sample> Missing input texture
[2017.10.17-20.07.21:956][635]LogAIModule: Creating AISystem for world Maze
[2017.10.17-20.07.21:979][635]Cmd: MAP LOAD FILE="Z:/IGMProfile/Documents/PuzzleGame/GDD2Platformer/Content/Game/Levels/Maze.umap" TEMPLATE=0 SHOWPROGRESS=1 FEATURELEVEL=3
[2017.10.17-20.07.21:979][635]LightingResults: New page: Lighting Build
[2017.10.17-20.07.22:037][635]LogContentBrowser: Native class hierarchy updated for 'StatsViewer' in 0.0010 seconds. Added 5 classes and 0 folders.
[2017.10.17-20.07.22:038][635]LoadErrors: New page: Loading map: Maze.umap
[2017.10.17-20.07.22:038][635]MapCheck: New page: Map Check
[2017.10.17-20.07.22:038][635]LightingResults: New page: Lighting Build
[2017.10.17-20.07.22:051][635]LogEditorServer: Finished looking for orphan Actors (0.000 secs)
[2017.10.17-20.07.22:103][635]Cmd: MAP CHECKDEP NOCLEARLOG
[2017.10.17-20.07.22:147][635]MapCheck: Info Map check complete: 0 Error(s), 0 Warning(s), took 44.2ms to complete.
[2017.10.17-20.07.22:147][635]LogFileHelpers: Loading map 'Maze' took 0.169
[2017.10.17-20.07.25:588][ 39]LogLinker:Warning: Can't find file '/Game/Game/Levels/RotatingStairs_BuiltData'
[2017.10.17-20.07.25:588][ 39]LogLinker:Warning: Can't find file for asset '/Game/Game/Levels/RotatingStairs_BuiltData' while loading Z:/IGMProfile/Documents/PuzzleGame/GDD2Platformer/Content/Game/Levels/RotatingStairs.umap.
[2017.10.17-20.07.25:588][ 39]LoadErrors:Error: Error /Game/Game/Levels/RotatingStairs : Can't find file for asset. /Game/Game/Levels/RotatingStairs_BuiltData
[2017.10.17-20.07.25:588][ 39]LogLinker:Warning: Can't find file '/Game/Game/Levels/RotatingStairs_BuiltData'
[2017.10.17-20.07.25:588][ 39]LogLinker:Warning: Can't find file for asset '/Game/Game/Levels/RotatingStairs_BuiltData' while loading Z:/IGMProfile/Documents/PuzzleGame/GDD2Platformer/Content/Game/Levels/RotatingStairs.umap.
[2017.10.17-20.07.25:592][ 39]LogLinker:Warning: Can't find file '/Game/Game/Levels/RotatingStairs_BuiltData'
[2017.10.17-20.07.25:592][ 39]LogLinker:Warning: Can't find file for asset '/Game/Game/Levels/RotatingStairs_BuiltData' while loading NULL.
[2017.10.17-20.07.25:592][ 39]LogLinker:Warning: Can't find file '/Game/Game/Levels/RotatingStairs_BuiltData'
[2017.10.17-20.07.25:592][ 39]LogLinker:Warning: Can't find file for asset '/Game/Game/Levels/RotatingStairs_BuiltData' while loading NULL.
[2017.10.17-20.07.25:597][ 39]LogLinker:Warning: Can't find file '/Game/Game/Levels/RotatingStairs_BuiltData'
[2017.10.17-20.07.25:597][ 39]LoadErrors: Info Failed to load /Game/Game/Levels/RotatingStairs_BuiltData.RotatingStairs_BuiltData Referenced by PersistentLevel
[2017.10.17-20.07.25:597][ 39]LogLinker:Warning: Can't find file for asset '/Game/Game/Levels/RotatingStairs_BuiltData' while loading NULL.
[2017.10.17-20.07.25:726][ 39]LogAIModule: Creating AISystem for world RotatingStairs
[2017.10.17-20.07.25:741][ 39]Cmd: MAP LOAD FILE="Z:/IGMProfile/Documents/PuzzleGame/GDD2Platformer/Content/Game/Levels/RotatingStairs.umap" TEMPLATE=0 SHOWPROGRESS=1 FEATURELEVEL=3
[2017.10.17-20.07.25:741][ 39]LightingResults: New page: Lighting Build
[2017.10.17-20.07.25:742][ 39]LoadErrors: New page: Loading map: RotatingStairs.umap
[2017.10.17-20.07.25:743][ 39]MapCheck: New page: Map Check
[2017.10.17-20.07.25:743][ 39]LightingResults: New page: Lighting Build
[2017.10.17-20.07.25:758][ 39]LogEditorServer: Finished looking for orphan Actors (0.000 secs)
[2017.10.17-20.07.25:814][ 39]Cmd: MAP CHECKDEP NOCLEARLOG
[2017.10.17-20.07.25:858][ 39]MapCheck: Info Map check complete: 0 Error(s), 0 Warning(s), took 43.39ms to complete.
[2017.10.17-20.07.25:858][ 39]LogFileHelpers: Loading map 'RotatingStairs' took 0.117
[2017.10.17-20.07.28:370][331]LogAIModule: Creating AISystem for world Maze
[2017.10.17-20.07.28:387][331]Cmd: MAP LOAD FILE="Z:/IGMProfile/Documents/PuzzleGame/GDD2Platformer/Content/Game/Levels/Maze.umap" TEMPLATE=0 SHOWPROGRESS=1 FEATURELEVEL=3
[2017.10.17-20.07.28:387][331]LightingResults: New page: Lighting Build
[2017.10.17-20.07.28:388][331]LoadErrors: New page: Loading map: Maze.umap
[2017.10.17-20.07.28:389][331]MapCheck: New page: Map Check
[2017.10.17-20.07.28:389][331]LightingResults: New page: Lighting Build
[2017.10.17-20.07.28:404][331]LogEditorServer: Finished looking for orphan Actors (0.000 secs)
[2017.10.17-20.07.28:463][331]Cmd: MAP CHECKDEP NOCLEARLOG
[2017.10.17-20.07.28:509][331]MapCheck: Info Map check complete: 0 Error(s), 0 Warning(s), took 46.619ms to complete.
[2017.10.17-20.07.28:509][331]LogFileHelpers: Loading map 'Maze' took 0.123
[2017.10.17-20.07.43:819][136]LogEditorActor: Deleted Actor: Stairs_C
[2017.10.17-20.07.43:819][136]LogEditorActor: Deleted Actor: RotatingPlatform_C
[2017.10.17-20.07.43:819][136]LogEditorActor: Deleted Actor: RotatingPlatform_C
[2017.10.17-20.07.43:827][136]LogEditorActor: Deleted 3 Actors (0.046 secs)
[2017.10.17-20.07.47:619][587]LogEditorActor: Deleted Actor: Stairs_C
[2017.10.17-20.07.47:620][587]LogEditorActor: Deleted Actor: Stairs_C
[2017.10.17-20.07.47:626][587]LogEditorActor: Deleted 2 Actors (0.007 secs)
[2017.10.17-20.07.51:008][991]LogEditorActor: Deleted Actor: StaticMeshActor
[2017.10.17-20.07.51:015][991]LogEditorActor: Deleted 1 Actors (0.007 secs)
[2017.10.17-20.08.26:132][197]Cmd: OBJ SAVEPACKAGE PACKAGE="/Game/Game/Levels/Maze" FILE="Z:/IGMProfile/Documents/PuzzleGame/GDD2Platformer/Content/Game/Levels/Maze.umap" SILENT=true AUTOSAVING=false KEEPDIRTY=false
[2017.10.17-20.08.27:637][197]LogSavePackage: Save=1083.61ms
[2017.10.17-20.08.27:637][197]LogSavePackage: Moving 'Z:/IGMProfile/Documents/PuzzleGame/GDD2Platformer/Saved/MazeCA1A99CA4BAF5C757B19E5BE3C8919CF.tmp' to 'Z:/IGMProfile/Documents/PuzzleGame/GDD2Platformer/Content/Game/Levels/Maze.umap'
[2017.10.17-20.08.27:688][197]LogSavePackage:Display: Finished SavePackage Z:/IGMProfile/Documents/PuzzleGame/GDD2Platformer/Content/Game/Levels/Maze.umap
[2017.10.17-20.08.33:041][826]AssetReimport: New page: Outstanding source content changes 12:08:33 PM
[2017.10.17-20.08.33:046][826]LogEditorFactories: Performing atomic reimport of [Z:/IGMProfile/Documents/PuzzleGame/GDD2Platformer/Content/FirstPerson/Textures/Vines.png]
[2017.10.17-20.08.33:049][826]LogFactory: FactoryCreateFile: Texture2D with ReimportTextureFactory (0 0 Z:/IGMProfile/Documents/PuzzleGame/GDD2Platformer/Content/FirstPerson/Textures/Vines.png)
[2017.10.17-20.08.33:079][826]LogEditorFactories: -- imported successfully
[2017.10.17-20.08.33:107][827]Cmd: OBJ SAVEPACKAGE PACKAGE="/Game/FirstPerson/Textures/Vines" FILE="Z:/IGMProfile/Documents/PuzzleGame/GDD2Platformer/Content/FirstPerson/Textures/Vines.uasset" SILENT=true
[2017.10.17-20.08.33:309][827]LogSavePackage: Save=32.11ms
[2017.10.17-20.08.33:309][827]LogSavePackage: Moving 'Z:/IGMProfile/Documents/PuzzleGame/GDD2Platformer/Saved/VinesE56E16514AAA7AF13F457FA5A1B613F9.tmp' to 'Z:/IGMProfile/Documents/PuzzleGame/GDD2Platformer/Content/FirstPerson/Textures/Vines.uasset'
[2017.10.17-20.08.33:424][827]LogSavePackage:Display: Finished SavePackage Z:/IGMProfile/Documents/PuzzleGame/GDD2Platformer/Content/FirstPerson/Textures/Vines.uasset
[2017.10.17-20.08.36:433][182]AssetReimport: Info Reimported asset Vines from Z:/IGMProfile/Documents/PuzzleGame/GDD2Platformer/Content/FirstPerson/Textures/Vines.png.
[2017.10.17-20.08.37:049][255]Cmd: OBJ SAVEPACKAGE PACKAGE="/Game/Game/Levels/Maze" FILE="Z:/IGMProfile/Documents/PuzzleGame/GDD2Platformer/Content/Game/Levels/Maze.umap" SILENT=true AUTOSAVING=false KEEPDIRTY=false
[2017.10.17-20.08.38:277][255]LogSavePackage: Save=1180.81ms
[2017.10.17-20.08.38:277][255]LogSavePackage: Moving 'Z:/IGMProfile/Documents/PuzzleGame/GDD2Platformer/Saved/Maze050E587844D4108E969E6FA08D73F70A.tmp' to 'Z:/IGMProfile/Documents/PuzzleGame/GDD2Platformer/Content/Game/Levels/Maze.umap'
[2017.10.17-20.08.38:319][255]LogSavePackage:Display: Finished SavePackage Z:/IGMProfile/Documents/PuzzleGame/GDD2Platformer/Content/Game/Levels/Maze.umap
[2017.10.17-20.08.40:043][415]LogWindowsTextInputMethodSystem:Display: IME system now deactivated.
[2017.10.17-20.08.40:283][416]Cmd: QUIT_EDITOR
[2017.10.17-20.08.40:355][416]LogExit: Preparing to exit.
[2017.10.17-20.08.40:821][416]LogExit: Editor shut down
[2017.10.17-20.08.40:823][416]LogExit: Transaction tracking system shut down
[2017.10.17-20.08.40:872][416]LogObj: Freed 0b from 0 cluster array pools.
[2017.10.17-20.08.40:872][416]LogExit: Object subsystem successfully closed.
[2017.10.17-20.08.40:888][416]LogD3D11RHI: Shutdown
[2017.10.17-20.08.40:888][416]LogD3D11RHI: CleanupD3DDevice
[2017.10.17-20.08.40:950][416]LogD3D11RHI: ~FD3D11DynamicRHI
[2017.10.17-20.08.40:961][416]LogModuleManager: Shutting down and abandoning module StatsViewer (524)
[2017.10.17-20.08.40:961][416]LogModuleManager: Shutting down and abandoning module HierarchicalLODOutliner (522)
[2017.10.17-20.08.40:961][416]LogModuleManager: Shutting down and abandoning module CrashTracker (520)
[2017.10.17-20.08.40:961][416]LogModuleManager: Shutting down and abandoning module SceneOutliner (518)
[2017.10.17-20.08.40:961][416]LogModuleManager: Shutting down and abandoning module AddContentDialog (516)
[2017.10.17-20.08.40:961][416]LogDirectoryWatcher: A directory notification for 'C:/Program Files/Epic Games/UE_4.16/FeaturePacks/' was aborted.
[2017.10.17-20.08.40:962][416]LogModuleManager: Shutting down and abandoning module WidgetCarousel (515)
[2017.10.17-20.08.40:962][416]LogModuleManager: Shutting down and abandoning module EditorWidgets (512)
[2017.10.17-20.08.40:962][416]LogModuleManager: Shutting down and abandoning module CollectionManager (510)
[2017.10.17-20.08.40:962][416]LogModuleManager: Shutting down and abandoning module FoliageEdit (508)
[2017.10.17-20.08.40:962][416]LogModuleManager: Shutting down and abandoning module LandscapeEditor (506)
[2017.10.17-20.08.40:962][416]LogModuleManager: Shutting down and abandoning module MeshPaintMode (504)
[2017.10.17-20.08.40:962][416]LogModuleManager: Shutting down and abandoning module SceneDepthPickerMode (502)
[2017.10.17-20.08.40:962][416]LogModuleManager: Shutting down and abandoning module ActorPickerMode (500)
[2017.10.17-20.08.40:962][416]LogModuleManager: Shutting down and abandoning module GeometryMode (498)
[2017.10.17-20.08.40:962][416]LogModuleManager: Shutting down and abandoning module TextureAlignMode (496)
[2017.10.17-20.08.40:962][416]LogModuleManager: Shutting down and abandoning module BspMode (494)
[2017.10.17-20.08.40:962][416]LogModuleManager: Shutting down and abandoning module HardwareSurvey (492)
[2017.10.17-20.08.40:962][416]LogModuleManager: Shutting down and abandoning module SequenceRecorderSections (490)
[2017.10.17-20.08.40:962][416]LogModuleManager: Shutting down and abandoning module AutomationWorker (488)
[2017.10.17-20.08.40:962][416]LogModuleManager: Shutting down and abandoning module MatineeToLevelSequence (486)
[2017.10.17-20.08.40:962][416]LogModuleManager: Shutting down and abandoning module LevelSequenceEditor (484)
[2017.10.17-20.08.40:962][416]LogModuleManager: Shutting down and abandoning module PlacementMode (483)
[2017.10.17-20.08.40:962][416]LogModuleManager: Shutting down and abandoning module WmfMediaFactory (480)
[2017.10.17-20.08.40:962][416]LogModuleManager: Shutting down and abandoning module WmfMediaEditor (478)
[2017.10.17-20.08.40:962][416]LogModuleManager: Shutting down and abandoning module AvfMediaFactory (476)
[2017.10.17-20.08.40:962][416]LogModuleManager: Shutting down and abandoning module AvfMediaEditor (474)
[2017.10.17-20.08.40:962][416]LogModuleManager: Shutting down and abandoning module AndroidMediaFactory (472)
[2017.10.17-20.08.40:962][416]LogModuleManager: Shutting down and abandoning module Media (471)
[2017.10.17-20.08.40:962][416]LogModuleManager: Shutting down and abandoning module AndroidMediaEditor (468)
[2017.10.17-20.08.40:962][416]LogModuleManager: Shutting down and abandoning module CharacterAI (466)
[2017.10.17-20.08.40:962][416]LogModuleManager: Shutting down and abandoning module AudioCapture (464)
[2017.10.17-20.08.40:962][416]LogModuleManager: Shutting down and abandoning module SequenceRecorder (463)
[2017.10.17-20.08.40:962][416]LogModuleManager: Shutting down and abandoning module SmartSnapping (460)
[2017.10.17-20.08.40:962][416]LogModuleManager: Shutting down and abandoning module SessionServices (458)
[2017.10.17-20.08.40:962][416]LogModuleManager: Shutting down and abandoning module ViewportSnapping (456)
[2017.10.17-20.08.40:962][416]LogModuleManager: Shutting down and abandoning module ViewportInteraction (454)
[2017.10.17-20.08.40:962][416]LogModuleManager: Shutting down and abandoning module ClothPainter (452)
[2017.10.17-20.08.40:962][416]LogModuleManager: Shutting down and abandoning module LogVisualizer (450)
[2017.10.17-20.08.40:962][416]LogModuleManager: Shutting down and abandoning module IntroTutorials (448)
[2017.10.17-20.08.40:962][416]LogModuleManager: Shutting down and abandoning module GameProjectGeneration (447)
[2017.10.17-20.08.40:962][416]LogModuleManager: Shutting down and abandoning module EditorLiveStreaming (444)
[2017.10.17-20.08.40:962][416]LogModuleManager: Shutting down and abandoning module IOSPlatformEditor (442)
[2017.10.17-20.08.40:962][416]LogModuleManager: Shutting down and abandoning module HTML5PlatformEditor (440)
[2017.10.17-20.08.40:962][416]LogModuleManager: Shutting down and abandoning module AndroidPlatformEditor (438)
[2017.10.17-20.08.40:962][416]LogModuleManager: Shutting down and abandoning module AndroidDeviceDetection (437)
[2017.10.17-20.08.41:381][416]LogModuleManager: Shutting down and abandoning module IOSRuntimeSettings (434)
[2017.10.17-20.08.41:381][416]LogModuleManager: Shutting down and abandoning module AndroidRuntimeSettings (432)
[2017.10.17-20.08.41:381][416]LogModuleManager: Shutting down and abandoning module InputBindingEditor (430)
[2017.10.17-20.08.41:381][416]LogModuleManager: Shutting down and abandoning module MergeActors (428)
[2017.10.17-20.08.41:381][416]LogModuleManager: Shutting down and abandoning module SizeMap (426)
[2017.10.17-20.08.41:381][416]LogModuleManager: Shutting down and abandoning module TreeMap (424)
[2017.10.17-20.08.41:381][416]LogModuleManager: Shutting down and abandoning module ReferenceViewer (422)
[2017.10.17-20.08.41:381][416]LogModuleManager: Shutting down and abandoning module LocalizationDashboard (420)
[2017.10.17-20.08.41:381][416]LogModuleManager: Shutting down and abandoning module LocalizationService (419)
[2017.10.17-20.08.41:381][416]LogModuleManager: Shutting down and abandoning module HardwareTargeting (416)
[2017.10.17-20.08.41:381][416]LogModuleManager: Shutting down and abandoning module DeviceProfileEditor (414)
[2017.10.17-20.08.41:381][416]LogModuleManager: Shutting down and abandoning module UndoHistory (412)
[2017.10.17-20.08.41:381][416]LogModuleManager: Shutting down and abandoning module UserFeedback (410)
[2017.10.17-20.08.41:381][416]LogModuleManager: Shutting down and abandoning module XmlParser (408)
[2017.10.17-20.08.41:381][416]LogModuleManager: Shutting down and abandoning module Blutility (406)
[2017.10.17-20.08.41:381][416]LogModuleManager: Shutting down and abandoning module ProjectSettingsViewer (404)
[2017.10.17-20.08.41:381][416]LogModuleManager: Shutting down and abandoning module ProjectTargetPlatformEditor (403)
[2017.10.17-20.08.41:382][416]LogModuleManager: Shutting down and abandoning module EditorSettingsViewer (400)
[2017.10.17-20.08.41:382][416]LogModuleManager: Shutting down and abandoning module SettingsEditor (398)
[2017.10.17-20.08.41:382][416]LogModuleManager: Shutting down and abandoning module ProjectLauncher (396)
[2017.10.17-20.08.41:382][416]LogModuleManager: Shutting down and abandoning module SessionFrontend (394)
[2017.10.17-20.08.41:382][416]LogModuleManager: Shutting down and abandoning module ProfilerClient (392)
[2017.10.17-20.08.41:382][416]LogModuleManager: Shutting down and abandoning module DeviceManager (390)
[2017.10.17-20.08.41:382][416]LogModuleManager: Shutting down and abandoning module TargetDeviceServices (389)
[2017.10.17-20.08.41:446][416]LogModuleManager: Shutting down and abandoning module AutomationController (386)
[2017.10.17-20.08.41:446][416]LogModuleManager: Shutting down and abandoning module AutomationWindow (384)
[2017.10.17-20.08.41:446][416]LogModuleManager: Shutting down and abandoning module Layers (382)
[2017.10.17-20.08.41:446][416]LogModuleManager: Shutting down and abandoning module ComponentVisualizers (380)
[2017.10.17-20.08.41:446][416]LogModuleManager: Shutting down and abandoning module DetailCustomizations (378)
[2017.10.17-20.08.41:446][416]LogModuleManager: Shutting down and abandoning module PackagesDialog (376)
[2017.10.17-20.08.41:447][416]LogModuleManager: Shutting down and abandoning module Persona (374)
[2017.10.17-20.08.41:447][416]LogModuleManager: Shutting down and abandoning module AdvancedPreviewScene (373)
[2017.10.17-20.08.41:447][416]LogModuleManager: Shutting down and abandoning module AnimGraph (371)
[2017.10.17-20.08.41:447][416]LogModuleManager: Shutting down and abandoning module Kismet (368)
[2017.10.17-20.08.41:449][416]LogModuleManager: Shutting down and abandoning module ClassViewer (366)
[2017.10.17-20.08.41:449][416]LogModuleManager: Shutting down and abandoning module Toolbox (364)
[2017.10.17-20.08.41:449][416]LogModuleManager: Shutting down and abandoning module ModuleUI (362)
[2017.10.17-20.08.41:449][416]LogModuleManager: Shutting down and abandoning module MovieSceneTools (360)
[2017.10.17-20.08.41:449][416]LogModuleManager: Shutting down and abandoning module OutputLog (358)
[2017.10.17-20.08.41:449][416]LogModuleManager: Shutting down and abandoning module GammaUI (356)
[2017.10.17-20.08.41:449][416]LogModuleManager: Shutting down and abandoning module Documentation (354)
[2017.10.17-20.08.41:449][416]LogModuleManager: Shutting down and abandoning module MovieSceneTracks (352)
[2017.10.17-20.08.41:449][416]LogModuleManager: Shutting down and abandoning module MovieScene (350)
[2017.10.17-20.08.41:449][416]LogModuleManager: Shutting down and abandoning module Niagara (348)
[2017.10.17-20.08.41:449][416]LogModuleManager: Shutting down and abandoning module NiagaraEditor (347)
[2017.10.17-20.08.41:449][416]LogModuleManager: Shutting down and abandoning module StreamingPauseRendering (344)
[2017.10.17-20.08.41:449][416]LogModuleManager: Shutting down and abandoning module AnalyticsET (342)
[2017.10.17-20.08.41:449][416]LogModuleManager: Shutting down and abandoning module PortalServices (340)
[2017.10.17-20.08.41:449][416]LogModuleManager: Shutting down and abandoning module PortalRpc (338)
[2017.10.17-20.08.41:449][416]LogModuleManager: Shutting down and abandoning module MessagingRpc (336)
[2017.10.17-20.08.41:449][416]LogModuleManager: Shutting down and abandoning module AIModule (334)
[2017.10.17-20.08.41:449][416]LogModuleManager: Shutting down and abandoning module GameplayDebugger (333)
[2017.10.17-20.08.41:450][416]LogModuleManager: Shutting down and abandoning module AITestSuite (331)
[2017.10.17-20.08.41:450][416]LogModuleManager: Shutting down and abandoning module ProfilerService (328)
[2017.10.17-20.08.41:496][416]LogModuleManager: Shutting down and abandoning module TaskGraph (326)
[2017.10.17-20.08.41:496][416]LogModuleManager: Shutting down and abandoning module SteamVRController (324)
[2017.10.17-20.08.41:496][416]LogModuleManager: Shutting down and abandoning module SteamVR (322)
[2017.10.17-20.08.41:496][416]LogModuleManager: Shutting down and abandoning module ProceduralMeshComponentEditor (320)
[2017.10.17-20.08.41:496][416]LogModuleManager: Shutting down and abandoning module ProceduralMeshComponent (318)
[2017.10.17-20.08.41:496][416]LogModuleManager: Shutting down and abandoning module OculusLibrary (316)
[2017.10.17-20.08.41:496][416]LogModuleManager: Shutting down and abandoning module OculusInput (314)
[2017.10.17-20.08.41:496][416]LogModuleManager: Shutting down and abandoning module MobilePatchingUtils (312)
[2017.10.17-20.08.41:496][416]LogModuleManager: Shutting down and abandoning module CustomMeshComponent (310)
[2017.10.17-20.08.41:496][416]LogModuleManager: Shutting down and abandoning module CableComponent (308)
[2017.10.17-20.08.41:496][416]LogModuleManager: Shutting down and abandoning module ArchVisCharacter (306)
[2017.10.17-20.08.41:497][416]LogModuleManager: Shutting down and abandoning module AndroidPermission (304)
[2017.10.17-20.08.41:497][416]LogModuleManager: Shutting down and abandoning module MediaPlayerEditor (300)
[2017.10.17-20.08.41:497][416]LogModuleManager: Shutting down and abandoning module HTML5Networking (298)
[2017.10.17-20.08.41:497][416]LogModuleManager: Shutting down and abandoning module AlembicImporter (296)
[2017.10.17-20.08.41:497][416]LogModuleManager: Shutting down and abandoning module AlembicLibrary (295)
[2017.10.17-20.08.41:497][416]LogModuleManager: Shutting down and abandoning module GeometryCache (294)
[2017.10.17-20.08.41:497][416]LogModuleManager: Shutting down and abandoning module GeometryCacheEd (293)
[2017.10.17-20.08.41:497][416]LogModuleManager: Shutting down and abandoning module SuperSearchEditor (288)
[2017.10.17-20.08.41:497][416]LogModuleManager: Shutting down and abandoning module SuperSearch (287)
[2017.10.17-20.08.41:497][416]LogModuleManager: Shutting down and abandoning module SpeedTreeImporter (284)
[2017.10.17-20.08.41:497][416]LogModuleManager: Shutting down and abandoning module PluginBrowser (282)
[2017.10.17-20.08.41:497][416]LogModuleManager: Shutting down and abandoning module MobileLauncherProfileWizard (280)
[2017.10.17-20.08.41:497][416]LogModuleManager: Shutting down and abandoning module VisualStudioSourceCodeAccess (278)
[2017.10.17-20.08.41:497][416]LogModuleManager: Shutting down and abandoning module DesktopPlatform (277)
[2017.10.17-20.08.41:497][416]LogModuleManager: Shutting down and abandoning module UObjectPlugin (274)
[2017.10.17-20.08.41:497][416]LogModuleManager: Shutting down and abandoning module SubversionSourceControl (272)
[2017.10.17-20.08.41:497][416]LogModuleManager: Shutting down and abandoning module PerforceSourceControl (270)
[2017.10.17-20.08.41:497][416]LogModuleManager: Shutting down and abandoning module GitSourceControl (268)
[2017.10.17-20.08.41:497][416]LogModuleManager: Shutting down and abandoning module SourceControl (267)
[2017.10.17-20.08.41:497][416]LogModuleManager: Shutting down and abandoning module LightPropagationVolumeEditor (264)
[2017.10.17-20.08.41:497][416]LogModuleManager: Shutting down and abandoning module PaperTiledImporter (262)
[2017.10.17-20.08.41:497][416]LogModuleManager: Shutting down and abandoning module PaperSpriteSheetImporter (260)
[2017.10.17-20.08.41:497][416]LogModuleManager: Shutting down and abandoning module Paper2DEditor (258)
[2017.10.17-20.08.41:497][416]LogModuleManager: Shutting down and abandoning module MeshPaint (257)
[2017.10.17-20.08.41:497][416]LogModuleManager: Shutting down and abandoning module LevelEditor (255)
[2017.10.17-20.08.41:498][416]LogModuleManager: Shutting down and abandoning module PixelInspectorModule (254)
[2017.10.17-20.08.41:498][416]LogModuleManager: Shutting down and abandoning module MainFrame (252)
[2017.10.17-20.08.41:498][416]LogModuleManager: Shutting down and abandoning module HotReload (251)
[2017.10.17-20.08.41:499][416]LogModuleManager: Shutting down and abandoning module PhysXVehiclesEditor (246)
[2017.10.17-20.08.41:499][416]LogModuleManager: Shutting down and abandoning module PhysXVehicles (244)
[2017.10.17-20.08.41:499][416]LogModuleManager: Shutting down and abandoning module LocationServicesBPLibrary (242)
[2017.10.17-20.08.41:499][416]LogModuleManager: Shutting down and abandoning module ImmediatePhysicsEditor (240)
[2017.10.17-20.08.41:499][416]LogModuleManager: Shutting down and abandoning module ImmediatePhysics (238)
[2017.10.17-20.08.41:499][416]LogModuleManager: Shutting down and abandoning module UdpMessaging (236)
[2017.10.17-20.08.41:600][416]LogModuleManager: Shutting down and abandoning module TcpMessaging (234)
[2017.10.17-20.08.41:700][416]LogModuleManager: Shutting down and abandoning module GameplayTagsEditor (232)
[2017.10.17-20.08.41:700][416]LogModuleManager: Shutting down and abandoning module FacialAnimationEditor (230)
[2017.10.17-20.08.41:700][416]LogModuleManager: Shutting down and abandoning module FacialAnimation (228)
[2017.10.17-20.08.41:700][416]LogModuleManager: Shutting down and abandoning module AssetManagerEditor (226)
[2017.10.17-20.08.41:700][416]LogModuleManager: Shutting down and abandoning module GraphEditor (225)
[2017.10.17-20.08.41:700][416]LogModuleManager: Shutting down and abandoning module ContentBrowser (223)
[2017.10.17-20.08.41:702][416]LogModuleManager: Shutting down and abandoning module LightPropagationVolumeRuntime (220)
[2017.10.17-20.08.41:702][416]LogModuleManager: Shutting down and abandoning module Paper2D (218)
[2017.10.17-20.08.41:702][416]LogModuleManager: Shutting down and abandoning module WindowsMoviePlayer (216)
[2017.10.17-20.08.41:702][416]LogModuleManager: Shutting down and abandoning module WmfMedia (214)
[2017.10.17-20.08.41:702][416]LogModuleManager: Shutting down and abandoning module ClothingSystemEditor (212)
[2017.10.17-20.08.41:702][416]LogModuleManager: Shutting down and abandoning module ClothingSystemRuntime (210)
[2017.10.17-20.08.41:702][416]LogModuleManager: Shutting down and abandoning module MediaAssets (208)
[2017.10.17-20.08.41:702][416]LogModuleManager: Shutting down and abandoning module GameLiveStreaming (206)
[2017.10.17-20.08.41:703][416]LogModuleManager: Shutting down and abandoning module VREditor (204)
[2017.10.17-20.08.41:703][416]LogModuleManager: Shutting down and abandoning module StringTableEditor (202)
[2017.10.17-20.08.41:703][416]LogModuleManager: Shutting down and abandoning module GameplayTasksEditor (200)
[2017.10.17-20.08.41:703][416]LogModuleManager: Shutting down and abandoning module BehaviorTreeEditor (198)
[2017.10.17-20.08.41:703][416]LogModuleManager: Shutting down and abandoning module FunctionalTesting (196)
[2017.10.17-20.08.41:703][416]LogModuleManager: Shutting down and abandoning module CollisionAnalyzer (194)
[2017.10.17-20.08.41:703][416]LogModuleManager: Shutting down and abandoning module UMG (192)
[2017.10.17-20.08.41:703][416]LogModuleManager: Shutting down and abandoning module UMGEditor (191)
[2017.10.17-20.08.41:703][416]LogModuleManager: Shutting down and abandoning module Sequencer (190)
[2017.10.17-20.08.41:703][416]LogModuleManager: Shutting down and abandoning module AssetTools (188)
[2017.10.17-20.08.41:703][416]LogModuleManager: Shutting down and abandoning module MessageLog (187)
[2017.10.17-20.08.41:703][416]LogModuleManager: Shutting down and abandoning module WorkspaceMenuStructure (186)
[2017.10.17-20.08.41:703][416]LogModuleManager: Shutting down and abandoning module SlateReflector (180)
[2017.10.17-20.08.41:703][416]LogModuleManager: Shutting down and abandoning module Slate (178)
[2017.10.17-20.08.41:704][416]LogModuleManager: Shutting down and abandoning module EditorStyle (176)
[2017.10.17-20.08.41:710][416]LogModuleManager: Shutting down and abandoning module SourceCodeAccess (174)
[2017.10.17-20.08.41:710][416]LogModuleManager: Shutting down and abandoning module HeadMountedDisplay (172)
[2017.10.17-20.08.41:710][416]LogModuleManager: Shutting down and abandoning module XAudio2 (170)
[2017.10.17-20.08.41:710][416]LogModuleManager: Shutting down and abandoning module Networking (168)
[2017.10.17-20.08.41:710][416]LogModuleManager: Shutting down and abandoning module Core (164)
[2017.10.17-20.08.41:710][416]LogModuleManager: Shutting down and abandoning module AssetRegistry (162)
[2017.10.17-20.08.42:716][416]LogDirectoryWatcher: A directory notification for '../../../Engine/Content/' was aborted.
[2017.10.17-20.08.42:716][416]LogDirectoryWatcher: A directory notification for '../../../Engine/Plugins/2D/Paper2D/Content/' was aborted.
[2017.10.17-20.08.42:717][416]LogDirectoryWatcher: A directory notification for '../../../Engine/Plugins/Runtime/GearVR/Content/' was aborted.
[2017.10.17-20.08.42:723][416]LogModuleManager: Shutting down and abandoning module DirectoryWatcher (161)
[2017.10.17-20.08.42:724][416]LogModuleManager: Shutting down and abandoning module KismetCompiler (158)
[2017.10.17-20.08.42:724][416]LogModuleManager: Shutting down and abandoning module LevelSequence (156)
[2017.10.17-20.08.42:724][416]LogModuleManager: Shutting down and abandoning module PhysXFormats (154)
[2017.10.17-20.08.42:724][416]LogModuleManager: Shutting down and abandoning module MeshUtilities (152)
[2017.10.17-20.08.42:724][416]LogModuleManager: Shutting down and abandoning module SimplygonSwarm (151)
[2017.10.17-20.08.42:724][416]LogModuleManager: Shutting down and abandoning module SimplygonMeshReduction (149)
[2017.10.17-20.08.42:724][416]LogModuleManager: Shutting down and abandoning module QuadricMeshReduction (147)
[2017.10.17-20.08.42:724][416]LogModuleManager: Shutting down and abandoning module DerivedDataCache (144)
[2017.10.17-20.08.42:738][416]LogDerivedDataCache: Shutdown
[2017.10.17-20.08.42:738][416]LogModuleManager: Shutting down and abandoning module TargetPlatform (142)
[2017.10.17-20.08.42:738][416]LogModuleManager: Shutting down and abandoning module VulkanShaderFormat (141)
[2017.10.17-20.08.42:738][416]LogModuleManager: Shutting down and abandoning module ShaderFormatVectorVM (139)
[2017.10.17-20.08.42:738][416]LogModuleManager: Shutting down and abandoning module ShaderFormatOpenGL (137)
[2017.10.17-20.08.42:738][416]LogModuleManager: Shutting down and abandoning module ShaderFormatD3D (135)
[2017.10.17-20.08.42:738][416]LogModuleManager: Shutting down and abandoning module MetalShaderFormat (133)
[2017.10.17-20.08.42:738][416]LogModuleManager: Shutting down and abandoning module TextureFormatUncompressed (131)
[2017.10.17-20.08.42:738][416]LogModuleManager: Shutting down and abandoning module TextureFormatPVR (129)
[2017.10.17-20.08.42:738][416]LogModuleManager: Shutting down and abandoning module TextureFormatDXT (127)
[2017.10.17-20.08.42:738][416]LogModuleManager: Shutting down and abandoning module TextureFormatIntelISPCTexComp (125)
[2017.10.17-20.08.42:739][416]LogModuleManager: Shutting down and abandoning module TextureFormatASTC (123)
[2017.10.17-20.08.42:739][416]LogModuleManager: Shutting down and abandoning module ImageWrapper (122)
[2017.10.17-20.08.42:739][416]LogModuleManager: Shutting down and abandoning module TextureFormatAndroid (119)
[2017.10.17-20.08.42:739][416]LogModuleManager: Shutting down and abandoning module AudioFormatOpus (117)
[2017.10.17-20.08.42:739][416]LogModuleManager: Shutting down and abandoning module AudioFormatOgg (115)
[2017.10.17-20.08.42:739][416]LogModuleManager: Shutting down and abandoning module AudioFormatADPCM (113)
[2017.10.17-20.08.42:739][416]LogModuleManager: Shutting down and abandoning module LinuxTargetPlatform (111)
[2017.10.17-20.08.42:739][416]LogModuleManager: Shutting down and abandoning module LinuxServerTargetPlatform (109)
[2017.10.17-20.08.42:739][416]LogModuleManager: Shutting down and abandoning module LinuxNoEditorTargetPlatform (107)
[2017.10.17-20.08.42:739][416]LogModuleManager: Shutting down and abandoning module LinuxClientTargetPlatform (105)
[2017.10.17-20.08.42:739][416]LogModuleManager: Shutting down and abandoning module TVOSTargetPlatform (103)
[2017.10.17-20.08.42:739][416]LogModuleManager: Shutting down and abandoning module Messaging (101)
[2017.10.17-20.08.42:739][416]LogModuleManager: Shutting down and abandoning module IOSTargetPlatform (99)
[2017.10.17-20.08.42:739][416]LogModuleManager: Shutting down and abandoning module HTML5TargetPlatform (97)
[2017.10.17-20.08.42:739][416]LogModuleManager: Shutting down and abandoning module Android_PVRTCTargetPlatform (95)
[2017.10.17-20.08.42:739][416]LogModuleManager: Shutting down and abandoning module Android_MultiTargetPlatform (93)
[2017.10.17-20.08.42:739][416]LogModuleManager: Shutting down and abandoning module Android_ETC2TargetPlatform (91)
[2017.10.17-20.08.42:739][416]LogModuleManager: Shutting down and abandoning module Android_ETC1TargetPlatform (89)
[2017.10.17-20.08.42:739][416]LogModuleManager: Shutting down and abandoning module Android_DXTTargetPlatform (87)
[2017.10.17-20.08.42:739][416]LogModuleManager: Shutting down and abandoning module Android_ATCTargetPlatform (85)
[2017.10.17-20.08.42:739][416]LogModuleManager: Shutting down and abandoning module Android_ASTCTargetPlatform (83)
[2017.10.17-20.08.42:739][416]LogModuleManager: Shutting down and abandoning module AndroidTargetPlatform (81)
[2017.10.17-20.08.42:739][416]LogModuleManager: Shutting down and abandoning module WindowsTargetPlatform (79)
[2017.10.17-20.08.42:739][416]LogModuleManager: Shutting down and abandoning module WindowsServerTargetPlatform (77)
[2017.10.17-20.08.42:739][416]LogModuleManager: Shutting down and abandoning module WindowsNoEditorTargetPlatform (75)
[2017.10.17-20.08.42:739][416]LogModuleManager: Shutting down and abandoning module WindowsClientTargetPlatform (73)
[2017.10.17-20.08.42:739][416]LogModuleManager: Shutting down and abandoning module MacTargetPlatform (71)
[2017.10.17-20.08.42:739][416]LogModuleManager: Shutting down and abandoning module MacServerTargetPlatform (69)
[2017.10.17-20.08.42:739][416]LogModuleManager: Shutting down and abandoning module MacNoEditorTargetPlatform (67)
[2017.10.17-20.08.42:739][416]LogModuleManager: Shutting down and abandoning module MacClientTargetPlatform (65)
[2017.10.17-20.08.42:739][416]LogModuleManager: Shutting down and abandoning module AllDesktopTargetPlatform (63)
[2017.10.17-20.08.42:739][416]LogModuleManager: Shutting down and abandoning module InputCore (60)
[2017.10.17-20.08.42:740][416]LogModuleManager: Shutting down and abandoning module Settings (58)
[2017.10.17-20.08.42:740][416]LogModuleManager: Shutting down and abandoning module OculusRift (56)
[2017.10.17-20.08.42:740][416]LogModuleManager: Shutting down and abandoning module GearVRController (54)
[2017.10.17-20.08.42:740][416]LogModuleManager: Shutting down and abandoning module GearVR (52)
[2017.10.17-20.08.42:740][416]LogModuleManager: Shutting down and abandoning module ExampleDeviceProfileSelector (50)
[2017.10.17-20.08.42:740][416]LogModuleManager: Shutting down and abandoning module OnlineBlueprintSupport (48)
[2017.10.17-20.08.42:740][416]LogModuleManager: Shutting down and abandoning module OnlineSubsystem (44)
[2017.10.17-20.08.42:740][416]LogOnline:Display: Unloading online subsystem: NULL
[2017.10.17-20.08.42:740][416]LogModuleManager: Shutting down and abandoning module XMPP (43)
[2017.10.17-20.08.42:740][416]LogModuleManager: Shutting down and abandoning module HTTP (41)
[2017.10.17-20.08.42:740][416]LogHttp:Display: Http module shutting down, but needs to wait on 1 outstanding Http requests:
[2017.10.17-20.08.42:740][416]LogHttp:Display: 	verb=[POST] url=[https://datarouter.ol.epicgames.com/datarouter/api/v1/public/data?SessionID=%7B12780F30-4C90-43B0-7E3A-569B193AD8BC%7D&AppID=UEEditor.Rocket.Release&AppVersion=4.16.2-3514769%2B%2B%2BUE4%2BRelease-4.16&UserID=7a7d5bdf4f378560a3dd668fdfa2672a%7C57fc8ffba9584015a32d6b8659e2a512%7Cb1fd0c28-dc76-4b46-8c9a-e72db275e7c0&AppEnvironment=datacollector-binary&UploadType=eteventstream] status=Processing
[2017.10.17-20.08.42:756][416]LogModuleManager: Shutting down and abandoning module SSL (40)
[2017.10.17-20.08.42:759][416]LogModuleManager: Shutting down and abandoning module HTTPChunkInstaller (36)
[2017.10.17-20.08.42:759][416]LogModuleManager: Shutting down and abandoning module AnimationModifiers (34)
[2017.10.17-20.08.42:759][416]LogModuleManager: Shutting down and abandoning module PropertyEditor (33)
[2017.10.17-20.08.42:759][416]LogModuleManager: Shutting down and abandoning module AudioEditor (30)
[2017.10.17-20.08.42:759][416]LogModuleManager: Shutting down and abandoning module TextureCompressor (28)
[2017.10.17-20.08.42:760][416]LogModuleManager: Shutting down and abandoning module ShaderCore (26)
[2017.10.17-20.08.42:760][416]LogModuleManager: Shutting down and abandoning module Landscape (24)
[2017.10.17-20.08.42:760][416]LogModuleManager: Shutting down and abandoning module SlateRHIRenderer (22)
[2017.10.17-20.08.42:761][416]LogModuleManager: Shutting down and abandoning module OpenGLDrv (20)
[2017.10.17-20.08.42:761][416]LogModuleManager: Shutting down and abandoning module D3D11RHI (18)
[2017.10.17-20.08.42:761][416]LogModuleManager: Shutting down and abandoning module AnimGraphRuntime (16)
[2017.10.17-20.08.42:761][416]LogModuleManager: Shutting down and abandoning module Renderer (14)
[2017.10.17-20.08.42:761][416]LogModuleManager: Shutting down and abandoning module Engine (12)
[2017.10.17-20.08.42:761][416]LogModuleManager: Shutting down and abandoning module CoreUObject (10)
[2017.10.17-20.08.42:761][416]LogModuleManager: Shutting down and abandoning module NetworkFile (8)
[2017.10.17-20.08.42:761][416]LogModuleManager: Shutting down and abandoning module StreamingFile (6)
[2017.10.17-20.08.42:761][416]LogModuleManager: Shutting down and abandoning module SandboxFile (4)
[2017.10.17-20.08.42:761][416]LogModuleManager: Shutting down and abandoning module PakFile (2)
[2017.10.17-20.08.42:765][416]LogExit: Exiting.
[2017.10.17-20.08.42:802][416]Log file closed, 10/17/17 16:08:42
