Log file open, 10/23/17 20:37:17
LogWindows: Failed to load 'aqProf.dll' (GetLastError=126)
LogWindows: File 'aqProf.dll' does not exist
LogWindows: Failed to load 'VtuneApi.dll' (GetLastError=126)
LogWindows: File 'VtuneApi.dll' does not exist
LogWindows: Failed to load 'VtuneApi32e.dll' (GetLastError=126)
LogWindows: File 'VtuneApi32e.dll' does not exist
LogInit: Display: Running engine for game: GDD2Platformer
LogPlatformFile: Not using cached read wrapper
LogInit: Display: RandInit(-1482247197) SRandInit(-1482247197).
LogTaskGraph: Started task graph with 5 named threads and 14 total threads with 3 sets of task threads.
LogStats: Stats thread started at 0.164839
LogD3D11RHI: Aftermath initialized
LogPluginManager: Mounting plugin Paper2D
LogPluginManager: Mounting plugin LightPropagationVolume
LogPluginManager: Mounting plugin CodeLiteSourceCodeAccess
LogPluginManager: Mounting plugin GitSourceControl
LogPluginManager: Mounting plugin KDevelopSourceCodeAccess
LogPluginManager: Mounting plugin NullSourceCodeAccess
LogPluginManager: Mounting plugin PerforceSourceControl
LogPluginManager: Mounting plugin SubversionSourceControl
LogPluginManager: Mounting plugin UObjectPlugin
LogPluginManager: Mounting plugin VisualStudioSourceCodeAccess
LogPluginManager: Mounting plugin XCodeSourceCodeAccess
LogPluginManager: Mounting plugin AssetManagerEditor
LogPluginManager: Mounting plugin AudioCapture
LogPluginManager: Mounting plugin FacialAnimation
LogPluginManager: Mounting plugin GameplayTagsEditor
LogPluginManager: Mounting plugin MobileLauncherProfileWizard
LogPluginManager: Mounting plugin PluginBrowser
LogPluginManager: Mounting plugin SpeedTreeImporter
LogPluginManager: Mounting plugin AlembicImporter
LogPluginManager: Mounting plugin CharacterAI
LogPluginManager: Mounting plugin HTML5Networking
LogPluginManager: Mounting plugin AndroidMedia
LogPluginManager: Mounting plugin AvfMedia
LogPluginManager: Mounting plugin MediaPlayerEditor
LogPluginManager: Mounting plugin WmfMedia
LogPluginManager: Mounting plugin TcpMessaging
LogPluginManager: Mounting plugin UdpMessaging
LogPluginManager: Mounting plugin LevelSequenceEditor
LogPluginManager: Mounting plugin MatineeToLevelSequence
LogPluginManager: Mounting plugin OnlineSubsystemGooglePlay
LogPluginManager: Mounting plugin OnlineSubsystemIOS
LogPluginManager: Mounting plugin OnlineSubsystem
LogPluginManager: Mounting plugin OnlineSubsystemNull
LogPluginManager: Mounting plugin OnlineSubsystemUtils
LogPluginManager: Mounting plugin AndroidDeviceProfileSelector
LogPluginManager: Mounting plugin AndroidMoviePlayer
LogPluginManager: Mounting plugin AndroidPermission
LogPluginManager: Mounting plugin AppleMoviePlayer
LogPluginManager: Mounting plugin ArchVisCharacter
LogPluginManager: Mounting plugin CableComponent
LogPluginManager: Mounting plugin CustomMeshComponent
LogPluginManager: Mounting plugin ExampleDeviceProfileSelector
LogPluginManager: Mounting plugin GoogleCloudMessaging
LogPluginManager: Mounting plugin ImmediatePhysics
LogPluginManager: Mounting plugin IOSDeviceProfileSelector
LogPluginManager: Mounting plugin LinuxDeviceProfileSelector
LogPluginManager: Mounting plugin LocationServicesBPLibrary
LogPluginManager: Mounting plugin MobilePatchingUtils
LogPluginManager: Mounting plugin OculusVR
LogPluginManager: Mounting plugin PhysXVehicles
LogPluginManager: Mounting plugin ProceduralMeshComponent
LogPluginManager: Mounting plugin RuntimePhysXCooking
LogPluginManager: Mounting plugin SteamVR
LogPluginManager: Mounting plugin WindowsMoviePlayer
LogInit: Using libcurl 7.47.1
LogInit:  - built for x86_64-pc-win32
LogInit:  - supports SSL with OpenSSL/1.0.2g
LogInit:  - supports HTTP deflate (compression) using libz 1.2.8
LogInit:  - other features:
LogInit:      CURL_VERSION_SSL
LogInit:      CURL_VERSION_LIBZ
LogInit:      CURL_VERSION_IPV6
LogInit:      CURL_VERSION_ASYNCHDNS
LogInit:      CURL_VERSION_LARGEFILE
LogInit:      CURL_VERSION_IDN
LogInit:  CurlRequestOptions (configurable via config and command line):
LogInit:  - bVerifyPeer = false  - Libcurl will NOT verify peer certificate
LogInit:  - bUseHttpProxy = false  - Libcurl will NOT use HTTP proxy
LogInit:  - bDontReuseConnections = false  - Libcurl will reuse connections
LogInit:  - CertBundlePath = nullptr  - Libcurl will use whatever was configured at build time.
LogInit: Build: ++UE4+Release-4.17-CL-3658906
LogInit: Engine Version: 4.17.2-3658906+++UE4+Release-4.17
LogInit: Compatible Engine Version: 4.17.0-3573198+++UE4+Release-4.17
LogInit: Net CL: 3573198
LogDevObjectVersion: Number of dev versions registered: 16
LogDevObjectVersion:   Dev-Blueprints (B0D832E4-1F89-4F0D-ACCF-7EB736FD4AA2): 10
LogDevObjectVersion:   Dev-Build (E1C64328-A22C-4D53-A36C-8E866417BD8C): 0
LogDevObjectVersion:   Dev-Core (375EC13C-06E4-48FB-B500-84F0262A717E): 2
LogDevObjectVersion:   Dev-Editor (E4B068ED-F494-42E9-A231-DA0B2E46BB41): 20
LogDevObjectVersion:   Dev-Framework (CFFC743F-43B0-4480-9391-14DF171D2073): 28
LogDevObjectVersion:   Dev-Mobile (B02B49B5-BB20-44E9-A304-32B752E40360): 0
LogDevObjectVersion:   Dev-Networking (A4E4105C-59A1-49B5-A7C5-40C4547EDFEE): 0
LogDevObjectVersion:   Dev-Online (39C831C9-5AE6-47DC-9A44-9C173E1C8E7C): 0
LogDevObjectVersion:   Dev-Physics (78F01B33-EBEA-4F98-B9B4-84EACCB95AA2): 0
LogDevObjectVersion:   Dev-Platform (6631380F-2D4D-43E0-8009-CF276956A95A): 0
LogDevObjectVersion:   Dev-Rendering (12F88B9F-8875-4AFC-A67C-D90C383ABD29): 19
LogDevObjectVersion:   Dev-Sequencer (7B5AE74C-D270-4C10-A958-57980B212A5A): 4
LogDevObjectVersion:   Dev-VR (D7296918-1DD6-4BDD-9DE2-64A83CC13884): 0
LogDevObjectVersion:   Dev-LoadTimes (C2A15278-BFE7-4AFE-6C17-90FF531DF755): 1
LogDevObjectVersion:   Private-Geometry (6EACA3D4-40EC-4CC1-B786-8BED09428FC5): 1
LogDevObjectVersion:   Dev-AnimPhys (29E575DD-E0A3-4627-9D10-D276232CDCEA): 7
LogInit: Compiled (64-bit): Sep 22 2017 13:47:16
LogInit: Compiled with Visual C++: 19.00.24215.01
LogInit: Build Configuration: Development
LogInit: Branch Name: ++UE4+Release-4.17
LogInit: Command line:  
LogInit: Base directory: D:/Programs/UDK/UE_4.17/Engine/Binaries/Win64/
LogInit: Installed Engine Build: 1
LogInit: Presizing for max 8388607 objects, including 0 objects not considered by GC, pre-allocating 0 bytes for permanent pool.
LogInit: Object subsystem initialized
[2017.10.24-00.37.17:944][  0]LogInit: Selected Device Profile: [Windows]
[2017.10.24-00.37.17:944][  0]LogInit: Applying CVar settings loaded from the selected device profile: [Windows]
[2017.10.24-00.37.17:956][  0]LogInit: Computer: DESKTOP-NBIP4NP
[2017.10.24-00.37.17:956][  0]LogInit: User: owner
[2017.10.24-00.37.17:956][  0]LogInit: CPU Page size=4096, Cores=4
[2017.10.24-00.37.17:956][  0]LogInit: High frequency timer resolution =2.533211 MHz
[2017.10.24-00.37.17:957][  0]LogMemory: Memory total: Physical=16.0GB (16GB approx)
[2017.10.24-00.37.17:957][  0]LogMemory: Platform Memory Stats for Windows
[2017.10.24-00.37.17:957][  0]LogMemory: Process Physical Memory: 278.16 MB used, 278.16 MB peak
[2017.10.24-00.37.17:957][  0]LogMemory: Process Virtual Memory: 274.32 MB used, 274.32 MB peak
[2017.10.24-00.37.17:957][  0]LogMemory: Physical Memory: 5182.09 MB used,  11151.00 MB free, 16333.09 MB total
[2017.10.24-00.37.17:957][  0]LogMemory: Virtual Memory: 669.05 MB used,  11151.00 MB free, 134217728.00 MB total
[2017.10.24-00.37.18:060][  0]LogInit: Using OS detected language (en-US).
[2017.10.24-00.37.18:060][  0]LogInit: Using OS detected locale (en-CA).
[2017.10.24-00.37.18:064][  0]LogTextLocalizationManager: No specific localization for 'en-US' exists, so the 'en' localization will be used.
[2017.10.24-00.37.18:781][  0]LogD3D11RHI: D3D11 adapters:
[2017.10.24-00.37.18:820][  0]LogD3D11RHI:    0. 'NVIDIA GeForce GTX 980M' (Feature Level 11_0)
[2017.10.24-00.37.18:820][  0]LogD3D11RHI:       4061/0/8166 MB DedicatedVideo/DedicatedSystem/SharedSystem, Outputs:1, VendorId:0x10de
[2017.10.24-00.37.18:821][  0]LogD3D11RHI:    1. 'Microsoft Basic Render Driver' (Feature Level 11_0)
[2017.10.24-00.37.18:821][  0]LogD3D11RHI:       0/0/8166 MB DedicatedVideo/DedicatedSystem/SharedSystem, Outputs:0, VendorId:0x1414
[2017.10.24-00.37.18:821][  0]LogD3D11RHI: Chosen D3D11 Adapter: 0
[2017.10.24-00.37.18:827][  0]LogD3D11RHI: Creating new Direct3DDevice
[2017.10.24-00.37.18:827][  0]LogD3D11RHI:     GPU DeviceId: 0x1617 (for the marketing name, search the web for "GPU Device Id")
[2017.10.24-00.37.18:827][  0]LogWindows: EnumDisplayDevices:
[2017.10.24-00.37.18:827][  0]LogWindows:    0. 'NVIDIA GeForce GTX 980M' (P:1 D:1)
[2017.10.24-00.37.18:827][  0]LogWindows:    1. 'NVIDIA GeForce GTX 980M' (P:0 D:0)
[2017.10.24-00.37.18:828][  0]LogWindows:    2. 'NVIDIA GeForce GTX 980M' (P:0 D:0)
[2017.10.24-00.37.18:828][  0]LogWindows:    3. 'NVIDIA GeForce GTX 980M' (P:0 D:0)
[2017.10.24-00.37.18:828][  0]LogWindows: DebugString: FoundDriverCount:4 
[2017.10.24-00.37.18:828][  0]LogD3D11RHI:     Adapter Name: NVIDIA GeForce GTX 980M
[2017.10.24-00.37.18:828][  0]LogD3D11RHI:   Driver Version: 387.92 (internal:23.21.13.8792, unified:387.92)
[2017.10.24-00.37.18:828][  0]LogD3D11RHI:      Driver Date: 10-6-2017
[2017.10.24-00.37.18:828][  0]LogRHI: Texture pool is 1361 MB (70% of 1945 MB)
[2017.10.24-00.37.18:851][  0]LogD3D11RHI: Async texture creation enabled
[2017.10.24-00.37.18:914][  0]LogD3D11RHI: GPU Timing Frequency: 1000.000000 (Debug: 2 1)
[2017.10.24-00.37.18:957][  0]LogShaderCompilers: Guid format shader working directory is -16 characters bigger than the processId version (../../../../../../SourceTree/TomMakes/OrbChaser/GDD2Platformer/Intermediate/Shaders/WorkingDirectory/1784/).
[2017.10.24-00.37.18:957][  0]LogShaderCompilers: Cleaned the shader compiler working directory 'C:/Users/owner/AppData/Local/Temp/UnrealShaderWorkingDir/ABCF2C59434749D5FD654480FC36B7AA/'.
[2017.10.24-00.37.18:957][  0]LogShaderCompilers: Display: Using Local Shader Compiler.
[2017.10.24-00.37.19:802][  0]LogTemp: Display: Loaded TP AllDesktopTargetPlatform
[2017.10.24-00.37.19:843][  0]LogTemp: Display: Loaded TP MacClientTargetPlatform
[2017.10.24-00.37.19:884][  0]LogTemp: Display: Loaded TP MacNoEditorTargetPlatform
[2017.10.24-00.37.19:925][  0]LogTemp: Display: Loaded TP MacServerTargetPlatform
[2017.10.24-00.37.19:966][  0]LogTemp: Display: Loaded TP MacTargetPlatform
[2017.10.24-00.37.20:007][  0]LogTemp: Display: Loaded TP WindowsClientTargetPlatform
[2017.10.24-00.37.20:048][  0]LogTemp: Display: Loaded TP WindowsNoEditorTargetPlatform
[2017.10.24-00.37.20:089][  0]LogTemp: Display: Loaded TP WindowsServerTargetPlatform
[2017.10.24-00.37.20:123][  0]LogTemp: Display: Loaded TP WindowsTargetPlatform
[2017.10.24-00.37.20:163][  0]LogTemp: Display: Loaded TP AndroidTargetPlatform
[2017.10.24-00.37.20:203][  0]LogTemp: Display: Loaded TP Android_ASTCTargetPlatform
[2017.10.24-00.37.20:242][  0]LogTemp: Display: Loaded TP Android_ATCTargetPlatform
[2017.10.24-00.37.20:282][  0]LogTemp: Display: Loaded TP Android_DXTTargetPlatform
[2017.10.24-00.37.20:323][  0]LogTemp: Display: Loaded TP Android_ETC1TargetPlatform
[2017.10.24-00.37.20:362][  0]LogTemp: Display: Loaded TP Android_ETC2TargetPlatform
[2017.10.24-00.37.20:442][  0]LogTemp: Display: Loaded TP Android_MultiTargetPlatform
[2017.10.24-00.37.20:442][  0]LogTemp: Display: Loaded TP Android_PVRTCTargetPlatform
[2017.10.24-00.37.20:472][  0]LogTemp: Display: Loaded TP HTML5TargetPlatform
[2017.10.24-00.37.20:547][  0]LogTemp: Display: Loaded TP IOSTargetPlatform
[2017.10.24-00.37.20:569][  0]LogTemp: Display: Loaded TP TVOSTargetPlatform
[2017.10.24-00.37.20:609][  0]LogTemp: Display: Loaded TP LinuxClientTargetPlatform
[2017.10.24-00.37.20:648][  0]LogTemp: Display: Loaded TP LinuxNoEditorTargetPlatform
[2017.10.24-00.37.20:688][  0]LogTemp: Display: Loaded TP LinuxServerTargetPlatform
[2017.10.24-00.37.20:727][  0]LogTemp: Display: Loaded TP LinuxTargetPlatform
[2017.10.24-00.37.20:727][  0]LogTargetPlatformManager: Display: Building Assets For Windows
[2017.10.24-00.37.21:061][  0]LogDerivedDataCache: Display: Max Cache Size: 512 MB
[2017.10.24-00.37.21:154][  0]LogDerivedDataCache: Loaded boot cache 0.09s 93MB C:/Users/owner/AppData/Local/UnrealEngine/4.17/DerivedDataCache/Boot.ddc.
[2017.10.24-00.37.21:154][  0]LogDerivedDataCache: Display: Loaded Boot cache: C:/Users/owner/AppData/Local/UnrealEngine/4.17/DerivedDataCache/Boot.ddc
[2017.10.24-00.37.21:154][  0]LogDerivedDataCache: FDerivedDataBackendGraph:  Pak pak cache file ../../../../../../SourceTree/TomMakes/OrbChaser/GDD2Platformer/DerivedDataCache/DDC.ddp not found, will not use a pak cache.
[2017.10.24-00.37.21:154][  0]LogDerivedDataCache: Unable to find inner node Pak for hierarchical cache Hierarchy.
[2017.10.24-00.37.21:154][  0]LogDerivedDataCache: FDerivedDataBackendGraph:  CompressedPak pak cache file ../../../../../../SourceTree/TomMakes/OrbChaser/GDD2Platformer/DerivedDataCache/Compressed.ddp not found, will not use a pak cache.
[2017.10.24-00.37.21:154][  0]LogDerivedDataCache: Unable to find inner node CompressedPak for hierarchical cache Hierarchy.
[2017.10.24-00.37.21:173][  0]LogDerivedDataCache: Display: Pak cache opened for reading ../../../Engine/DerivedDataCache/Compressed.ddp.
[2017.10.24-00.37.21:185][  0]LogDerivedDataCache: Using Local data cache path C:/Users/owner/AppData/Local/UnrealEngine/Common/DerivedDataCache: Writable
[2017.10.24-00.37.21:196][  0]LogMaterial: Verifying Global Shaders for PCD3D_SM5
[2017.10.24-00.37.21:196][  0]LogSlate: Using Freetype 2.6.0
[2017.10.24-00.37.21:197][  0]LogSlate: SlateFontCache - WITH_FREETYPE: 1, WITH_HARFBUZZ: 1
[2017.10.24-00.37.21:197][  0]LogSlate: SlateFontCache - WITH_FREETYPE: 1, WITH_HARFBUZZ: 1
[2017.10.24-00.37.21:471][  0]LogAssetRegistry: FAssetRegistry took 0.0254 seconds to start up
[2017.10.24-00.37.21:576][  0]LogInit: Selected Device Profile: [Windows]
[2017.10.24-00.37.21:881][  0]LogSimplygon: Simplygon DLL not present - disabling.
[2017.10.24-00.37.21:910][  0]LogMeshReduction: Using SimplygonSwarm for distributed automatic mesh merging
[2017.10.24-00.37.21:910][  0]LogMeshReduction: Using QuadricMeshReduction for automatic static mesh reduction
[2017.10.24-00.37.21:910][  0]LogMeshReduction: No automatic skeletal mesh reduction module available
[2017.10.24-00.37.21:910][  0]LogMeshReduction: No automatic mesh merging module available
[2017.10.24-00.37.21:910][  0]LogMeshMerging: No automatic mesh merging module available
[2017.10.24-00.37.21:934][  0]LogContentStreaming: Texture pool size is 0.00 MB
[2017.10.24-00.37.22:319][  0]LogNetVersion: GDD2Platformer , NetCL: 3573198, EngineNetVer: 2, GameNetVer: 0 (Checksum: 19982841)
[2017.10.24-00.37.22:503][  0]LogPackageLocalizationCache: Processed 5 localized package path(s) for 2 prioritized culture(s) in 0.046528 seconds
[2017.10.24-00.37.22:508][  0]LogUObjectArray: 35825 objects as part of root set at end of initial load.
[2017.10.24-00.37.22:508][  0]LogUObjectAllocator: 7529112 out of 0 bytes used by permanent object pool.
[2017.10.24-00.37.22:508][  0]LogUObjectArray: CloseDisregardForGC: 0/0 objects in disregard for GC pool
[2017.10.24-00.37.22:545][  0]LogInit: WinSock: version 1.1 (2.2), MaxSocks=32767, MaxUdp=65467
[2017.10.24-00.37.24:748][  0]LogTcpMessaging: Initializing TcpMessaging bridge
[2017.10.24-00.37.24:780][  0]LogUdpMessaging: Initializing bridge on interface 0.0.0.0:0 to multicast group 230.0.0.1:6666.
[2017.10.24-00.37.24:781][  0]FUdpSocketBuilder: Failed to subscribe UdpMessageMulticastSocket to multicast group 230.0.0.1
[2017.10.24-00.37.24:781][  0]FUdpSocketBuilder: Failed to create and initialize socket UdpMessageMulticastSocket (last error: 0)
[2017.10.24-00.37.24:781][  0]LogUdpMessaging: Warning: StartTransport failed to create multicast socket on 0.0.0.0:0, joined to 230.0.0.1:6666 with TTL 1
[2017.10.24-00.37.25:279][  0]LogMaterial: Uniform references updated for custom material expression Custom.
[2017.10.24-00.37.25:605][  0]SourceControl: Source control is disabled
[2017.10.24-00.37.25:605][  0]SourceControl: Source control is disabled
[2017.10.24-00.37.25:643][  0]SourceControl: Source control is disabled
[2017.10.24-00.37.25:680][  0]SourceControl: Source control is disabled
[2017.10.24-00.37.26:131][  0]LogAndroidPermission: UAndroidPermissionCallbackProxy::GetInstance
[2017.10.24-00.37.26:323][  0]LogOcInput: OculusInput pre-init called
[2017.10.24-00.37.26:527][  0]LogEngine: Initializing Engine...
[2017.10.24-00.37.26:528][  0]LogHMD: Failed to initialize OpenVR with code 110
[2017.10.24-00.37.26:739][  0]LogStats: UGameplayTagsManager::ConstructGameplayTagTree: Construct from data asset -  0.000 s
[2017.10.24-00.37.26:739][  0]LogStats: UGameplayTagsManager::ConstructGameplayTagTree: GameplayTagTreeChangedEvent.Broadcast -  0.000 s
[2017.10.24-00.37.26:835][  0]LogAIModule: Creating AISystem for world Untitled
[2017.10.24-00.37.26:842][  0]LogInit: XAudio2 using 'Speakers (Realtek High Definition Audio)' : 2 channels at 48 kHz using 32 bits per sample (channel mask 0x3)
[2017.10.24-00.37.26:963][  0]LogInit: FAudioDevice initialized.
[2017.10.24-00.37.27:052][  0]LogDerivedDataCache: Saved boot cache 0.09s 93MB C:/Users/owner/AppData/Local/UnrealEngine/4.17/DerivedDataCache/Boot.ddc.
[2017.10.24-00.37.27:065][  0]LogInit: Texture streaming: Enabled
[2017.10.24-00.37.27:138][  0]LogEngineSessionManager: EngineSessionManager initialized
[2017.10.24-00.37.27:301][  0]LogInit: Transaction tracking system initialized
[2017.10.24-00.37.27:528][  0]BlueprintLog: New page: Editor Load
[2017.10.24-00.37.28:172][  0]LocalizationService: Localization service is disabled
[2017.10.24-00.37.28:680][  0]LogConsoleResponse: Display: 
[2017.10.24-00.37.28:832][  0]LogCook: Display: Max memory allowance for cook 16384mb min free memory 0mb
[2017.10.24-00.37.28:833][  0]LogCook: Display: Mobile HDR setting 1
[2017.10.24-00.37.28:833][  0]LogGameplayTags: Display: UGameplayTagsManager::DoneAddingNativeTags. DelegateIsBound: 0
[2017.10.24-00.37.29:578][  0]LogFileCache: Scanning file cache for directory 'D:/SourceTree/TomMakes/OrbChaser/GDD2Platformer/Content/' took 0.01s
[2017.10.24-00.37.29:612][  0]SourceControl: Source control is disabled
[2017.10.24-00.37.29:612][  0]Cmd: MAP LOAD FILE="../../../../../../SourceTree/TomMakes/OrbChaser/GDD2Platformer/Content/Game/Levels/HUBWorld.umap" TEMPLATE=0 SHOWPROGRESS=1 FEATURELEVEL=3
[2017.10.24-00.37.29:613][  0]LightingResults: New page: Lighting Build
[2017.10.24-00.37.29:642][  0]MapCheck: New page: Map Check
[2017.10.24-00.37.29:642][  0]LightingResults: New page: Lighting Build
[2017.10.24-00.37.30:396][  0]LogMaterial: Missing cached shader map for material M_Water_Lake, compiling. 
[2017.10.24-00.37.30:397][  0]LogMaterial: Warning: Failed to compile Material /Game/Game/Materials/M_Water_Lake.M_Water_Lake for platform PCD3D_SM5, Default Material will be used in game.
[2017.10.24-00.37.30:397][  0]LogMaterial: Warning: 	(Node TextureSample) Texture Sample> Missing input texture
[2017.10.24-00.37.30:428][  0]LogMaterial: Missing cached shader map for material M_Metal_Rust, compiling. 
[2017.10.24-00.37.30:428][  0]LogMaterial: Warning: Failed to compile Material /Game/Game/Materials/M_Metal_Rust.M_Metal_Rust for platform PCD3D_SM5, Default Material will be used in game.
[2017.10.24-00.37.30:428][  0]LogMaterial: Warning: 	(Node TextureSample) Texture Sample> Missing input texture
[2017.10.24-00.37.30:501][  0]LogMaterial: Missing cached shader map for material M_CobbleStone_Smooth, compiling. 
[2017.10.24-00.37.30:502][  0]LogMaterial: Warning: Failed to compile Material /Game/Game/Materials/M_CobbleStone_Smooth.M_CobbleStone_Smooth for platform PCD3D_SM5, Default Material will be used in game.
[2017.10.24-00.37.30:502][  0]LogMaterial: Warning: 	(Node TextureSampleParameter2D) Param2D> Requires Texture2D
[2017.10.24-00.37.30:502][  0]LogMaterial: Warning: 	(Node TextureSample) Texture Sample> Missing input texture
[2017.10.24-00.37.30:520][  0]LogAIModule: Creating AISystem for world HUBWorld
[2017.10.24-00.37.30:543][  0]LogEditorServer: Finished looking for orphan Actors (0.000 secs)
[2017.10.24-00.37.30:571][  0]Cmd: MAP CHECKDEP NOCLEARLOG
[2017.10.24-00.37.30:633][  0]MapCheck: Map check complete: 0 Error(s), 0 Warning(s), took 62.551ms to complete.
[2017.10.24-00.37.30:633][  0]LogFileHelpers: Loading map 'HUBWorld' took 1.021
[2017.10.24-00.37.30:694][  0]LogWindowsTextInputMethodSystem: Display: IME system now deactivated.
[2017.10.24-00.37.30:770][  0]LogCollectionManager: Loaded 0 collections in 0.001015 seconds
[2017.10.24-00.37.30:839][  0]LogFileCache: Scanning file cache for directory 'D:/SourceTree/TomMakes/OrbChaser/GDD2Platformer/Saved/Collections/' took 0.01s
[2017.10.24-00.37.30:839][  0]LogFileCache: Scanning file cache for directory 'D:/SourceTree/TomMakes/OrbChaser/GDD2Platformer/Content/Developers/owner/Collections/' took 0.01s
[2017.10.24-00.37.30:839][  0]LogFileCache: Scanning file cache for directory 'D:/SourceTree/TomMakes/OrbChaser/GDD2Platformer/Content/Collections/' took 0.01s
[2017.10.24-00.37.30:839][  0]LogCollectionManager: Rebuilt the GUID cache for 0 collections in 0.000001 seconds
[2017.10.24-00.37.30:847][  0]LogContentBrowser: Native class hierarchy populated in 0.0086 seconds. Added 2386 classes and 500 folders.
[2017.10.24-00.37.30:895][  0]LogContentBrowser: Native class hierarchy updated for 'WidgetCarousel' in 0.0008 seconds. Added 0 classes and 0 folders.
[2017.10.24-00.37.30:947][  0]LogContentBrowser: Native class hierarchy updated for 'AddContentDialog' in 0.0007 seconds. Added 0 classes and 0 folders.
[2017.10.24-00.37.30:980][  0]LogContentBrowser: Native class hierarchy updated for 'SceneOutliner' in 0.0007 seconds. Added 1 classes and 2 folders.
[2017.10.24-00.37.31:050][  0]LogSlate: Took 0.000349 seconds to synchronously load lazily loaded font '../../../Engine/Content/Slate/Fonts/Roboto-Regular.ttf' (155K)
[2017.10.24-00.37.31:052][  0]LogSlate: Took 0.000273 seconds to synchronously load lazily loaded font '../../../Engine/Content/Slate/Fonts/Roboto-Bold.ttf' (160K)
[2017.10.24-00.37.31:058][  0]LogSlate: Took 0.000267 seconds to synchronously load lazily loaded font '../../../Engine/Content/Editor/Slate/Fonts/FontAwesome.ttf' (139K)
[2017.10.24-00.37.31:176][  0]LogRenderer: Reallocating scene render targets to support 1208x600 Format 10 NumSamples 1 (Frame:1).
[2017.10.24-00.37.31:371][  0]LogContentBrowser: Native class hierarchy updated for 'HierarchicalLODOutliner' in 0.0010 seconds. Added 1 classes and 2 folders.
[2017.10.24-00.37.31:371][  0]LogLoad: (Engine Initialization) Total time: 14.88 seconds
[2017.10.24-00.37.31:371][  0]LogLoad: (Engine Initialization) Total Blueprint compile time: 0.00 seconds
[2017.10.24-00.37.31:371][  0]LogExternalProfiler: Found external profiler: VSPerf
[2017.10.24-00.37.31:371][  0]LogExternalProfiler: Using external profiler: VSPerf
[2017.10.24-00.37.31:421][  0]LogContentStreaming: Texture pool size now 800 MB
[2017.10.24-00.37.31:441][  0]LogSlate: Took 0.000265 seconds to synchronously load lazily loaded font '../../../Engine/Content/Slate/Fonts/Roboto-Light.ttf' (159K)
[2017.10.24-00.37.31:451][  1]LogFileCache: Retrieving MD5 hashes for directory 'D:/SourceTree/TomMakes/OrbChaser/GDD2Platformer/Content/' took 0.05s
[2017.10.24-00.37.31:459][  1]LogAssetRegistry: Asset discovery search completed in 10.0097 seconds
[2017.10.24-00.37.31:461][  1]LogCollectionManager: Rebuilt the object cache for 0 collections in 0.000000 seconds (found 0 objects)
[2017.10.24-00.37.31:462][  1]LogCollectionManager: Fixed up redirectors for 0 collections in 0.000060 seconds (updated 0 objects)
[2017.10.24-00.37.41:744][611]LogSlate: Took 0.000230 seconds to synchronously load lazily loaded font '../../../Engine/Content/Slate/Fonts/Roboto-Light.ttf' (159K)
[2017.10.24-00.37.42:067][611]LogContentBrowser: Native class hierarchy updated for 'BlueprintGraph' in 0.0011 seconds. Added 113 classes and 0 folders.
[2017.10.24-00.37.42:675][611]LogSlate: Took 0.000214 seconds to synchronously load lazily loaded font '../../../Engine/Content/Slate/Fonts/Roboto-Regular.ttf' (155K)
[2017.10.24-00.37.42:734][611]LogSlate: Took 0.000228 seconds to synchronously load lazily loaded font '../../../Engine/Content/Editor/Slate/Fonts/Roboto-BoldCondensed.ttf' (158K)
[2017.10.24-00.37.43:262][639]LogSlate: Took 0.000213 seconds to synchronously load lazily loaded font '../../../Engine/Content/Editor/Slate/Fonts/Roboto-Italic.ttf' (157K)
[2017.10.24-00.37.52:582][ 52]LogRenderer: Reallocating scene render targets to support 1528x744 Format 10 NumSamples 1 (Frame:251).
[2017.10.24-00.38.24:054][701]LogPhysics: Warning: PopulatePhysXGeometryAndTransform(Convex): ConvexElem has invalid transform
[2017.10.24-00.38.24:054][701]LogPhysics: Warning: ForeachShape(Convex): [/Game/Geometry/Meshes/1M_Cube.1M_Cube] ScaledElem[0] invalid
[2017.10.24-00.38.24:054][701]LogPhysics: Warning: PopulatePhysXGeometryAndTransform(Convex): ConvexElem has invalid transform
[2017.10.24-00.38.24:054][701]LogPhysics: Warning: ForeachShape(Convex): [/Game/Geometry/Meshes/1M_Cube.1M_Cube] ScaledElem[0] invalid
[2017.10.24-00.38.24:070][702]LogPhysics: Warning: PopulatePhysXGeometryAndTransform(Convex): ConvexElem has invalid transform
[2017.10.24-00.38.24:070][702]LogPhysics: Warning: ForeachShape(Convex): [/Game/Geometry/Meshes/1M_Cube.1M_Cube] ScaledElem[0] invalid
[2017.10.24-00.38.24:070][702]LogPhysics: Warning: PopulatePhysXGeometryAndTransform(Convex): ConvexElem has invalid transform
[2017.10.24-00.38.24:070][702]LogPhysics: Warning: ForeachShape(Convex): [/Game/Geometry/Meshes/1M_Cube.1M_Cube] ScaledElem[0] invalid
[2017.10.24-00.38.24:087][703]LogPhysics: Warning: PopulatePhysXGeometryAndTransform(Convex): ConvexElem has invalid transform
[2017.10.24-00.38.24:087][703]LogPhysics: Warning: ForeachShape(Convex): [/Game/Geometry/Meshes/1M_Cube.1M_Cube] ScaledElem[0] invalid
[2017.10.24-00.38.24:087][703]LogPhysics: Warning: PopulatePhysXGeometryAndTransform(Convex): ConvexElem has invalid transform
[2017.10.24-00.38.24:087][703]LogPhysics: Warning: ForeachShape(Convex): [/Game/Geometry/Meshes/1M_Cube.1M_Cube] ScaledElem[0] invalid
[2017.10.24-00.38.24:103][704]LogPhysics: Warning: PopulatePhysXGeometryAndTransform(Convex): ConvexElem has invalid transform
[2017.10.24-00.38.24:103][704]LogPhysics: Warning: ForeachShape(Convex): [/Game/Geometry/Meshes/1M_Cube.1M_Cube] ScaledElem[0] invalid
[2017.10.24-00.38.24:104][704]LogPhysics: Warning: PopulatePhysXGeometryAndTransform(Convex): ConvexElem has invalid transform
[2017.10.24-00.38.24:104][704]LogPhysics: Warning: ForeachShape(Convex): [/Game/Geometry/Meshes/1M_Cube.1M_Cube] ScaledElem[0] invalid
[2017.10.24-00.38.24:120][705]LogPhysics: Warning: PopulatePhysXGeometryAndTransform(Convex): ConvexElem has invalid transform
[2017.10.24-00.38.24:120][705]LogPhysics: Warning: ForeachShape(Convex): [/Game/Geometry/Meshes/1M_Cube.1M_Cube] ScaledElem[0] invalid
[2017.10.24-00.38.24:120][705]LogPhysics: Warning: PopulatePhysXGeometryAndTransform(Convex): ConvexElem has invalid transform
[2017.10.24-00.38.24:120][705]LogPhysics: Warning: ForeachShape(Convex): [/Game/Geometry/Meshes/1M_Cube.1M_Cube] ScaledElem[0] invalid
[2017.10.24-00.38.24:137][706]LogPhysics: Warning: PopulatePhysXGeometryAndTransform(Convex): ConvexElem has invalid transform
[2017.10.24-00.38.24:137][706]LogPhysics: Warning: ForeachShape(Convex): [/Game/Geometry/Meshes/1M_Cube.1M_Cube] ScaledElem[0] invalid
[2017.10.24-00.38.24:137][706]LogPhysics: Warning: PopulatePhysXGeometryAndTransform(Convex): ConvexElem has invalid transform
[2017.10.24-00.38.24:137][706]LogPhysics: Warning: ForeachShape(Convex): [/Game/Geometry/Meshes/1M_Cube.1M_Cube] ScaledElem[0] invalid
[2017.10.24-00.38.24:153][707]LogPhysics: Warning: PopulatePhysXGeometryAndTransform(Convex): ConvexElem has invalid transform
[2017.10.24-00.38.24:153][707]LogPhysics: Warning: ForeachShape(Convex): [/Game/Geometry/Meshes/1M_Cube.1M_Cube] ScaledElem[0] invalid
[2017.10.24-00.38.24:153][707]LogPhysics: Warning: PopulatePhysXGeometryAndTransform(Convex): ConvexElem has invalid transform
[2017.10.24-00.38.24:153][707]LogPhysics: Warning: ForeachShape(Convex): [/Game/Geometry/Meshes/1M_Cube.1M_Cube] ScaledElem[0] invalid
[2017.10.24-00.38.24:170][708]LogPhysics: Warning: PopulatePhysXGeometryAndTransform(Convex): ConvexElem has invalid transform
[2017.10.24-00.38.24:170][708]LogPhysics: Warning: ForeachShape(Convex): [/Game/Geometry/Meshes/1M_Cube.1M_Cube] ScaledElem[0] invalid
[2017.10.24-00.38.24:170][708]LogPhysics: Warning: PopulatePhysXGeometryAndTransform(Convex): ConvexElem has invalid transform
[2017.10.24-00.38.24:170][708]LogPhysics: Warning: ForeachShape(Convex): [/Game/Geometry/Meshes/1M_Cube.1M_Cube] ScaledElem[0] invalid
[2017.10.24-00.38.24:186][709]LogPhysics: Warning: PopulatePhysXGeometryAndTransform(Convex): ConvexElem has invalid transform
[2017.10.24-00.38.24:187][709]LogPhysics: Warning: ForeachShape(Convex): [/Game/Geometry/Meshes/1M_Cube.1M_Cube] ScaledElem[0] invalid
[2017.10.24-00.38.24:187][709]LogPhysics: Warning: PopulatePhysXGeometryAndTransform(Convex): ConvexElem has invalid transform
[2017.10.24-00.38.24:187][709]LogPhysics: Warning: ForeachShape(Convex): [/Game/Geometry/Meshes/1M_Cube.1M_Cube] ScaledElem[0] invalid
[2017.10.24-00.38.24:203][710]LogPhysics: Warning: PopulatePhysXGeometryAndTransform(Convex): ConvexElem has invalid transform
[2017.10.24-00.38.24:203][710]LogPhysics: Warning: ForeachShape(Convex): [/Game/Geometry/Meshes/1M_Cube.1M_Cube] ScaledElem[0] invalid
[2017.10.24-00.38.24:203][710]LogPhysics: Warning: PopulatePhysXGeometryAndTransform(Convex): ConvexElem has invalid transform
[2017.10.24-00.38.24:203][710]LogPhysics: Warning: ForeachShape(Convex): [/Game/Geometry/Meshes/1M_Cube.1M_Cube] ScaledElem[0] invalid
[2017.10.24-00.38.24:221][711]LogPhysics: Warning: PopulatePhysXGeometryAndTransform(Convex): ConvexElem has invalid transform
[2017.10.24-00.38.24:221][711]LogPhysics: Warning: ForeachShape(Convex): [/Game/Geometry/Meshes/1M_Cube.1M_Cube] ScaledElem[0] invalid
[2017.10.24-00.38.24:221][711]LogPhysics: Warning: PopulatePhysXGeometryAndTransform(Convex): ConvexElem has invalid transform
[2017.10.24-00.38.24:221][711]LogPhysics: Warning: ForeachShape(Convex): [/Game/Geometry/Meshes/1M_Cube.1M_Cube] ScaledElem[0] invalid
[2017.10.24-00.38.24:237][712]LogPhysics: Warning: PopulatePhysXGeometryAndTransform(Convex): ConvexElem has invalid transform
[2017.10.24-00.38.24:237][712]LogPhysics: Warning: ForeachShape(Convex): [/Game/Geometry/Meshes/1M_Cube.1M_Cube] ScaledElem[0] invalid
[2017.10.24-00.38.24:237][712]LogPhysics: Warning: PopulatePhysXGeometryAndTransform(Convex): ConvexElem has invalid transform
[2017.10.24-00.38.24:237][712]LogPhysics: Warning: ForeachShape(Convex): [/Game/Geometry/Meshes/1M_Cube.1M_Cube] ScaledElem[0] invalid
[2017.10.24-00.38.24:253][713]LogPhysics: Warning: PopulatePhysXGeometryAndTransform(Convex): ConvexElem has invalid transform
[2017.10.24-00.38.24:253][713]LogPhysics: Warning: ForeachShape(Convex): [/Game/Geometry/Meshes/1M_Cube.1M_Cube] ScaledElem[0] invalid
[2017.10.24-00.38.24:254][713]LogPhysics: Warning: PopulatePhysXGeometryAndTransform(Convex): ConvexElem has invalid transform
[2017.10.24-00.38.24:254][713]LogPhysics: Warning: ForeachShape(Convex): [/Game/Geometry/Meshes/1M_Cube.1M_Cube] ScaledElem[0] invalid
[2017.10.24-00.38.24:270][714]LogPhysics: Warning: PopulatePhysXGeometryAndTransform(Convex): ConvexElem has invalid transform
[2017.10.24-00.38.24:270][714]LogPhysics: Warning: ForeachShape(Convex): [/Game/Geometry/Meshes/1M_Cube.1M_Cube] ScaledElem[0] invalid
[2017.10.24-00.38.24:270][714]LogPhysics: Warning: PopulatePhysXGeometryAndTransform(Convex): ConvexElem has invalid transform
[2017.10.24-00.38.24:270][714]LogPhysics: Warning: ForeachShape(Convex): [/Game/Geometry/Meshes/1M_Cube.1M_Cube] ScaledElem[0] invalid
[2017.10.24-00.38.24:287][715]LogPhysics: Warning: PopulatePhysXGeometryAndTransform(Convex): ConvexElem has invalid transform
[2017.10.24-00.38.24:287][715]LogPhysics: Warning: ForeachShape(Convex): [/Game/Geometry/Meshes/1M_Cube.1M_Cube] ScaledElem[0] invalid
[2017.10.24-00.38.24:287][715]LogPhysics: Warning: PopulatePhysXGeometryAndTransform(Convex): ConvexElem has invalid transform
[2017.10.24-00.38.24:287][715]LogPhysics: Warning: ForeachShape(Convex): [/Game/Geometry/Meshes/1M_Cube.1M_Cube] ScaledElem[0] invalid
[2017.10.24-00.38.24:303][716]LogPhysics: Warning: PopulatePhysXGeometryAndTransform(Convex): ConvexElem has invalid transform
[2017.10.24-00.38.24:303][716]LogPhysics: Warning: ForeachShape(Convex): [/Game/Geometry/Meshes/1M_Cube.1M_Cube] ScaledElem[0] invalid
[2017.10.24-00.38.24:303][716]LogPhysics: Warning: PopulatePhysXGeometryAndTransform(Convex): ConvexElem has invalid transform
[2017.10.24-00.38.24:303][716]LogPhysics: Warning: ForeachShape(Convex): [/Game/Geometry/Meshes/1M_Cube.1M_Cube] ScaledElem[0] invalid
[2017.10.24-00.38.24:320][717]LogPhysics: Warning: PopulatePhysXGeometryAndTransform(Convex): ConvexElem has invalid transform
[2017.10.24-00.38.24:320][717]LogPhysics: Warning: ForeachShape(Convex): [/Game/Geometry/Meshes/1M_Cube.1M_Cube] ScaledElem[0] invalid
[2017.10.24-00.38.24:320][717]LogPhysics: Warning: PopulatePhysXGeometryAndTransform(Convex): ConvexElem has invalid transform
[2017.10.24-00.38.24:320][717]LogPhysics: Warning: ForeachShape(Convex): [/Game/Geometry/Meshes/1M_Cube.1M_Cube] ScaledElem[0] invalid
[2017.10.24-00.38.24:337][718]LogPhysics: Warning: PopulatePhysXGeometryAndTransform(Convex): ConvexElem has invalid transform
[2017.10.24-00.38.24:337][718]LogPhysics: Warning: ForeachShape(Convex): [/Game/Geometry/Meshes/1M_Cube.1M_Cube] ScaledElem[0] invalid
[2017.10.24-00.38.24:337][718]LogPhysics: Warning: PopulatePhysXGeometryAndTransform(Convex): ConvexElem has invalid transform
[2017.10.24-00.38.24:337][718]LogPhysics: Warning: ForeachShape(Convex): [/Game/Geometry/Meshes/1M_Cube.1M_Cube] ScaledElem[0] invalid
[2017.10.24-00.38.24:353][719]LogPhysics: Warning: PopulatePhysXGeometryAndTransform(Convex): ConvexElem has invalid transform
[2017.10.24-00.38.24:353][719]LogPhysics: Warning: ForeachShape(Convex): [/Game/Geometry/Meshes/1M_Cube.1M_Cube] ScaledElem[0] invalid
[2017.10.24-00.38.24:354][719]LogPhysics: Warning: PopulatePhysXGeometryAndTransform(Convex): ConvexElem has invalid transform
[2017.10.24-00.38.24:354][719]LogPhysics: Warning: ForeachShape(Convex): [/Game/Geometry/Meshes/1M_Cube.1M_Cube] ScaledElem[0] invalid
[2017.10.24-00.38.24:370][720]LogPhysics: Warning: PopulatePhysXGeometryAndTransform(Convex): ConvexElem has invalid transform
[2017.10.24-00.38.24:370][720]LogPhysics: Warning: ForeachShape(Convex): [/Game/Geometry/Meshes/1M_Cube.1M_Cube] ScaledElem[0] invalid
[2017.10.24-00.38.24:370][720]LogPhysics: Warning: PopulatePhysXGeometryAndTransform(Convex): ConvexElem has invalid transform
[2017.10.24-00.38.24:370][720]LogPhysics: Warning: ForeachShape(Convex): [/Game/Geometry/Meshes/1M_Cube.1M_Cube] ScaledElem[0] invalid
[2017.10.24-00.38.24:387][721]LogPhysics: Warning: PopulatePhysXGeometryAndTransform(Convex): ConvexElem has invalid transform
[2017.10.24-00.38.24:387][721]LogPhysics: Warning: ForeachShape(Convex): [/Game/Geometry/Meshes/1M_Cube.1M_Cube] ScaledElem[0] invalid
[2017.10.24-00.38.24:387][721]LogPhysics: Warning: PopulatePhysXGeometryAndTransform(Convex): ConvexElem has invalid transform
[2017.10.24-00.38.24:387][721]LogPhysics: Warning: ForeachShape(Convex): [/Game/Geometry/Meshes/1M_Cube.1M_Cube] ScaledElem[0] invalid
[2017.10.24-00.38.24:403][722]LogPhysics: Warning: PopulatePhysXGeometryAndTransform(Convex): ConvexElem has invalid transform
[2017.10.24-00.38.24:403][722]LogPhysics: Warning: ForeachShape(Convex): [/Game/Geometry/Meshes/1M_Cube.1M_Cube] ScaledElem[0] invalid
[2017.10.24-00.38.24:403][722]LogPhysics: Warning: PopulatePhysXGeometryAndTransform(Convex): ConvexElem has invalid transform
[2017.10.24-00.38.24:403][722]LogPhysics: Warning: ForeachShape(Convex): [/Game/Geometry/Meshes/1M_Cube.1M_Cube] ScaledElem[0] invalid
[2017.10.24-00.38.24:420][723]LogPhysics: Warning: PopulatePhysXGeometryAndTransform(Convex): ConvexElem has invalid transform
[2017.10.24-00.38.24:420][723]LogPhysics: Warning: ForeachShape(Convex): [/Game/Geometry/Meshes/1M_Cube.1M_Cube] ScaledElem[0] invalid
[2017.10.24-00.38.24:420][723]LogPhysics: Warning: PopulatePhysXGeometryAndTransform(Convex): ConvexElem has invalid transform
[2017.10.24-00.38.24:420][723]LogPhysics: Warning: ForeachShape(Convex): [/Game/Geometry/Meshes/1M_Cube.1M_Cube] ScaledElem[0] invalid
[2017.10.24-00.38.24:436][724]LogPhysics: Warning: PopulatePhysXGeometryAndTransform(Convex): ConvexElem has invalid transform
[2017.10.24-00.38.24:437][724]LogPhysics: Warning: ForeachShape(Convex): [/Game/Geometry/Meshes/1M_Cube.1M_Cube] ScaledElem[0] invalid
[2017.10.24-00.38.24:437][724]LogPhysics: Warning: PopulatePhysXGeometryAndTransform(Convex): ConvexElem has invalid transform
[2017.10.24-00.38.24:437][724]LogPhysics: Warning: ForeachShape(Convex): [/Game/Geometry/Meshes/1M_Cube.1M_Cube] ScaledElem[0] invalid
[2017.10.24-00.38.24:453][725]LogPhysics: Warning: PopulatePhysXGeometryAndTransform(Convex): ConvexElem has invalid transform
[2017.10.24-00.38.24:453][725]LogPhysics: Warning: ForeachShape(Convex): [/Game/Geometry/Meshes/1M_Cube.1M_Cube] ScaledElem[0] invalid
[2017.10.24-00.38.24:453][725]LogPhysics: Warning: PopulatePhysXGeometryAndTransform(Convex): ConvexElem has invalid transform
[2017.10.24-00.38.24:453][725]LogPhysics: Warning: ForeachShape(Convex): [/Game/Geometry/Meshes/1M_Cube.1M_Cube] ScaledElem[0] invalid
[2017.10.24-00.38.24:470][726]LogPhysics: Warning: PopulatePhysXGeometryAndTransform(Convex): ConvexElem has invalid transform
[2017.10.24-00.38.24:470][726]LogPhysics: Warning: ForeachShape(Convex): [/Game/Geometry/Meshes/1M_Cube.1M_Cube] ScaledElem[0] invalid
[2017.10.24-00.38.24:470][726]LogPhysics: Warning: PopulatePhysXGeometryAndTransform(Convex): ConvexElem has invalid transform
[2017.10.24-00.38.24:470][726]LogPhysics: Warning: ForeachShape(Convex): [/Game/Geometry/Meshes/1M_Cube.1M_Cube] ScaledElem[0] invalid
[2017.10.24-00.38.24:486][727]LogPhysics: Warning: PopulatePhysXGeometryAndTransform(Convex): ConvexElem has invalid transform
[2017.10.24-00.38.24:486][727]LogPhysics: Warning: ForeachShape(Convex): [/Game/Geometry/Meshes/1M_Cube.1M_Cube] ScaledElem[0] invalid
[2017.10.24-00.38.24:487][727]LogPhysics: Warning: PopulatePhysXGeometryAndTransform(Convex): ConvexElem has invalid transform
[2017.10.24-00.38.24:487][727]LogPhysics: Warning: ForeachShape(Convex): [/Game/Geometry/Meshes/1M_Cube.1M_Cube] ScaledElem[0] invalid
[2017.10.24-00.38.24:503][728]LogPhysics: Warning: PopulatePhysXGeometryAndTransform(Convex): ConvexElem has invalid transform
[2017.10.24-00.38.24:503][728]LogPhysics: Warning: ForeachShape(Convex): [/Game/Geometry/Meshes/1M_Cube.1M_Cube] ScaledElem[0] invalid
[2017.10.24-00.38.24:503][728]LogPhysics: Warning: PopulatePhysXGeometryAndTransform(Convex): ConvexElem has invalid transform
[2017.10.24-00.38.24:503][728]LogPhysics: Warning: ForeachShape(Convex): [/Game/Geometry/Meshes/1M_Cube.1M_Cube] ScaledElem[0] invalid
[2017.10.24-00.38.24:520][729]LogPhysics: Warning: PopulatePhysXGeometryAndTransform(Convex): ConvexElem has invalid transform
[2017.10.24-00.38.24:520][729]LogPhysics: Warning: ForeachShape(Convex): [/Game/Geometry/Meshes/1M_Cube.1M_Cube] ScaledElem[0] invalid
[2017.10.24-00.38.24:520][729]LogPhysics: Warning: PopulatePhysXGeometryAndTransform(Convex): ConvexElem has invalid transform
[2017.10.24-00.38.24:520][729]LogPhysics: Warning: ForeachShape(Convex): [/Game/Geometry/Meshes/1M_Cube.1M_Cube] ScaledElem[0] invalid
[2017.10.24-00.38.24:537][730]LogPhysics: Warning: PopulatePhysXGeometryAndTransform(Convex): ConvexElem has invalid transform
[2017.10.24-00.38.24:537][730]LogPhysics: Warning: ForeachShape(Convex): [/Game/Geometry/Meshes/1M_Cube.1M_Cube] ScaledElem[0] invalid
[2017.10.24-00.38.24:537][730]LogPhysics: Warning: PopulatePhysXGeometryAndTransform(Convex): ConvexElem has invalid transform
[2017.10.24-00.38.24:537][730]LogPhysics: Warning: ForeachShape(Convex): [/Game/Geometry/Meshes/1M_Cube.1M_Cube] ScaledElem[0] invalid
[2017.10.24-00.38.24:554][731]LogPhysics: Warning: PopulatePhysXGeometryAndTransform(Convex): ConvexElem has invalid transform
[2017.10.24-00.38.24:554][731]LogPhysics: Warning: ForeachShape(Convex): [/Game/Geometry/Meshes/1M_Cube.1M_Cube] ScaledElem[0] invalid
[2017.10.24-00.38.24:554][731]LogPhysics: Warning: PopulatePhysXGeometryAndTransform(Convex): ConvexElem has invalid transform
[2017.10.24-00.38.24:554][731]LogPhysics: Warning: ForeachShape(Convex): [/Game/Geometry/Meshes/1M_Cube.1M_Cube] ScaledElem[0] invalid
[2017.10.24-00.38.24:571][732]LogPhysics: Warning: PopulatePhysXGeometryAndTransform(Convex): ConvexElem has invalid transform
[2017.10.24-00.38.24:571][732]LogPhysics: Warning: ForeachShape(Convex): [/Game/Geometry/Meshes/1M_Cube.1M_Cube] ScaledElem[0] invalid
[2017.10.24-00.38.24:571][732]LogPhysics: Warning: PopulatePhysXGeometryAndTransform(Convex): ConvexElem has invalid transform
[2017.10.24-00.38.24:571][732]LogPhysics: Warning: ForeachShape(Convex): [/Game/Geometry/Meshes/1M_Cube.1M_Cube] ScaledElem[0] invalid
[2017.10.24-00.38.24:587][733]LogPhysics: Warning: PopulatePhysXGeometryAndTransform(Convex): ConvexElem has invalid transform
[2017.10.24-00.38.24:587][733]LogPhysics: Warning: ForeachShape(Convex): [/Game/Geometry/Meshes/1M_Cube.1M_Cube] ScaledElem[0] invalid
[2017.10.24-00.38.24:587][733]LogPhysics: Warning: PopulatePhysXGeometryAndTransform(Convex): ConvexElem has invalid transform
[2017.10.24-00.38.24:587][733]LogPhysics: Warning: ForeachShape(Convex): [/Game/Geometry/Meshes/1M_Cube.1M_Cube] ScaledElem[0] invalid
[2017.10.24-00.38.24:603][734]LogPhysics: Warning: PopulatePhysXGeometryAndTransform(Convex): ConvexElem has invalid transform
[2017.10.24-00.38.24:603][734]LogPhysics: Warning: ForeachShape(Convex): [/Game/Geometry/Meshes/1M_Cube.1M_Cube] ScaledElem[0] invalid
[2017.10.24-00.38.24:604][734]LogPhysics: Warning: PopulatePhysXGeometryAndTransform(Convex): ConvexElem has invalid transform
[2017.10.24-00.38.24:604][734]LogPhysics: Warning: ForeachShape(Convex): [/Game/Geometry/Meshes/1M_Cube.1M_Cube] ScaledElem[0] invalid
[2017.10.24-00.38.24:620][735]LogPhysics: Warning: PopulatePhysXGeometryAndTransform(Convex): ConvexElem has invalid transform
[2017.10.24-00.38.24:620][735]LogPhysics: Warning: ForeachShape(Convex): [/Game/Geometry/Meshes/1M_Cube.1M_Cube] ScaledElem[0] invalid
[2017.10.24-00.38.24:620][735]LogPhysics: Warning: PopulatePhysXGeometryAndTransform(Convex): ConvexElem has invalid transform
[2017.10.24-00.38.24:621][735]LogPhysics: Warning: ForeachShape(Convex): [/Game/Geometry/Meshes/1M_Cube.1M_Cube] ScaledElem[0] invalid
[2017.10.24-00.38.24:637][736]LogPhysics: Warning: PopulatePhysXGeometryAndTransform(Convex): ConvexElem has invalid transform
[2017.10.24-00.38.24:637][736]LogPhysics: Warning: ForeachShape(Convex): [/Game/Geometry/Meshes/1M_Cube.1M_Cube] ScaledElem[0] invalid
[2017.10.24-00.38.24:637][736]LogPhysics: Warning: PopulatePhysXGeometryAndTransform(Convex): ConvexElem has invalid transform
[2017.10.24-00.38.24:637][736]LogPhysics: Warning: ForeachShape(Convex): [/Game/Geometry/Meshes/1M_Cube.1M_Cube] ScaledElem[0] invalid
[2017.10.24-00.38.24:653][737]LogPhysics: Warning: PopulatePhysXGeometryAndTransform(Convex): ConvexElem has invalid transform
[2017.10.24-00.38.24:653][737]LogPhysics: Warning: ForeachShape(Convex): [/Game/Geometry/Meshes/1M_Cube.1M_Cube] ScaledElem[0] invalid
[2017.10.24-00.38.24:653][737]LogPhysics: Warning: PopulatePhysXGeometryAndTransform(Convex): ConvexElem has invalid transform
[2017.10.24-00.38.24:653][737]LogPhysics: Warning: ForeachShape(Convex): [/Game/Geometry/Meshes/1M_Cube.1M_Cube] ScaledElem[0] invalid
[2017.10.24-00.38.24:670][738]LogPhysics: Warning: PopulatePhysXGeometryAndTransform(Convex): ConvexElem has invalid transform
[2017.10.24-00.38.24:670][738]LogPhysics: Warning: ForeachShape(Convex): [/Game/Geometry/Meshes/1M_Cube.1M_Cube] ScaledElem[0] invalid
[2017.10.24-00.38.24:670][738]LogPhysics: Warning: PopulatePhysXGeometryAndTransform(Convex): ConvexElem has invalid transform
[2017.10.24-00.38.24:670][738]LogPhysics: Warning: ForeachShape(Convex): [/Game/Geometry/Meshes/1M_Cube.1M_Cube] ScaledElem[0] invalid
[2017.10.24-00.38.24:687][739]LogPhysics: Warning: PopulatePhysXGeometryAndTransform(Convex): ConvexElem has invalid transform
[2017.10.24-00.38.24:687][739]LogPhysics: Warning: ForeachShape(Convex): [/Game/Geometry/Meshes/1M_Cube.1M_Cube] ScaledElem[0] invalid
[2017.10.24-00.38.24:687][739]LogPhysics: Warning: PopulatePhysXGeometryAndTransform(Convex): ConvexElem has invalid transform
[2017.10.24-00.38.24:687][739]LogPhysics: Warning: ForeachShape(Convex): [/Game/Geometry/Meshes/1M_Cube.1M_Cube] ScaledElem[0] invalid
[2017.10.24-00.38.24:703][740]LogPhysics: Warning: PopulatePhysXGeometryAndTransform(Convex): ConvexElem has invalid transform
[2017.10.24-00.38.24:703][740]LogPhysics: Warning: ForeachShape(Convex): [/Game/Geometry/Meshes/1M_Cube.1M_Cube] ScaledElem[0] invalid
[2017.10.24-00.38.24:703][740]LogPhysics: Warning: PopulatePhysXGeometryAndTransform(Convex): ConvexElem has invalid transform
[2017.10.24-00.38.24:703][740]LogPhysics: Warning: ForeachShape(Convex): [/Game/Geometry/Meshes/1M_Cube.1M_Cube] ScaledElem[0] invalid
[2017.10.24-00.38.24:720][741]LogPhysics: Warning: PopulatePhysXGeometryAndTransform(Convex): ConvexElem has invalid transform
[2017.10.24-00.38.24:720][741]LogPhysics: Warning: ForeachShape(Convex): [/Game/Geometry/Meshes/1M_Cube.1M_Cube] ScaledElem[0] invalid
[2017.10.24-00.38.24:720][741]LogPhysics: Warning: PopulatePhysXGeometryAndTransform(Convex): ConvexElem has invalid transform
[2017.10.24-00.38.24:720][741]LogPhysics: Warning: ForeachShape(Convex): [/Game/Geometry/Meshes/1M_Cube.1M_Cube] ScaledElem[0] invalid
[2017.10.24-00.38.24:736][742]LogPhysics: Warning: PopulatePhysXGeometryAndTransform(Convex): ConvexElem has invalid transform
[2017.10.24-00.38.24:736][742]LogPhysics: Warning: ForeachShape(Convex): [/Game/Geometry/Meshes/1M_Cube.1M_Cube] ScaledElem[0] invalid
[2017.10.24-00.38.24:737][742]LogPhysics: Warning: PopulatePhysXGeometryAndTransform(Convex): ConvexElem has invalid transform
[2017.10.24-00.38.24:737][742]LogPhysics: Warning: ForeachShape(Convex): [/Game/Geometry/Meshes/1M_Cube.1M_Cube] ScaledElem[0] invalid
[2017.10.24-00.38.24:753][743]LogPhysics: Warning: PopulatePhysXGeometryAndTransform(Convex): ConvexElem has invalid transform
[2017.10.24-00.38.24:753][743]LogPhysics: Warning: ForeachShape(Convex): [/Game/Geometry/Meshes/1M_Cube.1M_Cube] ScaledElem[0] invalid
[2017.10.24-00.38.24:753][743]LogPhysics: Warning: PopulatePhysXGeometryAndTransform(Convex): ConvexElem has invalid transform
[2017.10.24-00.38.24:753][743]LogPhysics: Warning: ForeachShape(Convex): [/Game/Geometry/Meshes/1M_Cube.1M_Cube] ScaledElem[0] invalid
[2017.10.24-00.38.24:770][744]LogPhysics: Warning: PopulatePhysXGeometryAndTransform(Convex): ConvexElem has invalid transform
[2017.10.24-00.38.24:770][744]LogPhysics: Warning: ForeachShape(Convex): [/Game/Geometry/Meshes/1M_Cube.1M_Cube] ScaledElem[0] invalid
[2017.10.24-00.38.24:770][744]LogPhysics: Warning: PopulatePhysXGeometryAndTransform(Convex): ConvexElem has invalid transform
[2017.10.24-00.38.24:770][744]LogPhysics: Warning: ForeachShape(Convex): [/Game/Geometry/Meshes/1M_Cube.1M_Cube] ScaledElem[0] invalid
[2017.10.24-00.38.24:786][745]LogPhysics: Warning: PopulatePhysXGeometryAndTransform(Convex): ConvexElem has invalid transform
[2017.10.24-00.38.24:786][745]LogPhysics: Warning: ForeachShape(Convex): [/Game/Geometry/Meshes/1M_Cube.1M_Cube] ScaledElem[0] invalid
[2017.10.24-00.38.24:787][745]LogPhysics: Warning: PopulatePhysXGeometryAndTransform(Convex): ConvexElem has invalid transform
[2017.10.24-00.38.24:787][745]LogPhysics: Warning: ForeachShape(Convex): [/Game/Geometry/Meshes/1M_Cube.1M_Cube] ScaledElem[0] invalid
[2017.10.24-00.38.24:803][746]LogPhysics: Warning: PopulatePhysXGeometryAndTransform(Convex): ConvexElem has invalid transform
[2017.10.24-00.38.24:803][746]LogPhysics: Warning: ForeachShape(Convex): [/Game/Geometry/Meshes/1M_Cube.1M_Cube] ScaledElem[0] invalid
[2017.10.24-00.38.24:803][746]LogPhysics: Warning: PopulatePhysXGeometryAndTransform(Convex): ConvexElem has invalid transform
[2017.10.24-00.38.24:803][746]LogPhysics: Warning: ForeachShape(Convex): [/Game/Geometry/Meshes/1M_Cube.1M_Cube] ScaledElem[0] invalid
[2017.10.24-00.38.24:820][747]LogPhysics: Warning: PopulatePhysXGeometryAndTransform(Convex): ConvexElem has invalid transform
[2017.10.24-00.38.24:821][747]LogPhysics: Warning: ForeachShape(Convex): [/Game/Geometry/Meshes/1M_Cube.1M_Cube] ScaledElem[0] invalid
[2017.10.24-00.38.24:821][747]LogPhysics: Warning: PopulatePhysXGeometryAndTransform(Convex): ConvexElem has invalid transform
[2017.10.24-00.38.24:821][747]LogPhysics: Warning: ForeachShape(Convex): [/Game/Geometry/Meshes/1M_Cube.1M_Cube] ScaledElem[0] invalid
[2017.10.24-00.38.24:837][748]LogPhysics: Warning: PopulatePhysXGeometryAndTransform(Convex): ConvexElem has invalid transform
[2017.10.24-00.38.24:837][748]LogPhysics: Warning: ForeachShape(Convex): [/Game/Geometry/Meshes/1M_Cube.1M_Cube] ScaledElem[0] invalid
[2017.10.24-00.38.24:837][748]LogPhysics: Warning: PopulatePhysXGeometryAndTransform(Convex): ConvexElem has invalid transform
[2017.10.24-00.38.24:837][748]LogPhysics: Warning: ForeachShape(Convex): [/Game/Geometry/Meshes/1M_Cube.1M_Cube] ScaledElem[0] invalid
[2017.10.24-00.38.24:853][749]LogPhysics: Warning: PopulatePhysXGeometryAndTransform(Convex): ConvexElem has invalid transform
[2017.10.24-00.38.24:854][749]LogPhysics: Warning: ForeachShape(Convex): [/Game/Geometry/Meshes/1M_Cube.1M_Cube] ScaledElem[0] invalid
[2017.10.24-00.38.24:854][749]LogPhysics: Warning: PopulatePhysXGeometryAndTransform(Convex): ConvexElem has invalid transform
[2017.10.24-00.38.24:854][749]LogPhysics: Warning: ForeachShape(Convex): [/Game/Geometry/Meshes/1M_Cube.1M_Cube] ScaledElem[0] invalid
[2017.10.24-00.38.24:870][750]LogPhysics: Warning: PopulatePhysXGeometryAndTransform(Convex): ConvexElem has invalid transform
[2017.10.24-00.38.24:870][750]LogPhysics: Warning: ForeachShape(Convex): [/Game/Geometry/Meshes/1M_Cube.1M_Cube] ScaledElem[0] invalid
[2017.10.24-00.38.24:870][750]LogPhysics: Warning: PopulatePhysXGeometryAndTransform(Convex): ConvexElem has invalid transform
[2017.10.24-00.38.24:870][750]LogPhysics: Warning: ForeachShape(Convex): [/Game/Geometry/Meshes/1M_Cube.1M_Cube] ScaledElem[0] invalid
[2017.10.24-00.38.24:887][751]LogPhysics: Warning: PopulatePhysXGeometryAndTransform(Convex): ConvexElem has invalid transform
[2017.10.24-00.38.24:887][751]LogPhysics: Warning: ForeachShape(Convex): [/Game/Geometry/Meshes/1M_Cube.1M_Cube] ScaledElem[0] invalid
[2017.10.24-00.38.24:887][751]LogPhysics: Warning: PopulatePhysXGeometryAndTransform(Convex): ConvexElem has invalid transform
[2017.10.24-00.38.24:887][751]LogPhysics: Warning: ForeachShape(Convex): [/Game/Geometry/Meshes/1M_Cube.1M_Cube] ScaledElem[0] invalid
[2017.10.24-00.39.21:623][ 83]BlueprintLog: New page: Compile BigRotatingPlatform
[2017.10.24-00.39.37:133][928]LogTemp: Repeating last play command: Selected Viewport
[2017.10.24-00.39.37:182][928]LogBlueprintUserMessages: Early PlayInEditor Detection: Level '/Game/Game/Levels/HUBWorld.HUBWorld:PersistentLevel' has LevelScriptBlueprint '/Game/Game/Levels/HUBWorld.HUBWorld:PersistentLevel.HUBWorld' with GeneratedClass '/Game/Game/Levels/HUBWorld.HUBWorld_C' with ClassGeneratedBy '/Game/Game/Levels/HUBWorld.HUBWorld:PersistentLevel.HUBWorld'
[2017.10.24-00.39.37:182][928]LogPlayLevel: PlayLevel: No blueprints needed recompiling
[2017.10.24-00.39.37:183][928]PIE: New page: PIE session: HUBWorld (Oct 23, 2017, 4:39:37 PM)
[2017.10.24-00.39.37:183][928]LogPlayLevel: Creating play world package: /Game/Game/Levels/UEDPIE_0_HUBWorld
[2017.10.24-00.39.37:206][928]LogPlayLevel: PIE: StaticDuplicateObject took: (0.022240s)
[2017.10.24-00.39.37:207][928]LogAIModule: Creating AISystem for world HUBWorld
[2017.10.24-00.39.37:207][928]LogPlayLevel: PIE: World Init took: (0.001152s)
[2017.10.24-00.39.37:207][928]LogPlayLevel: PIE: Created PIE world by copying editor world from /Game/Game/Levels/HUBWorld.HUBWorld to /Game/Game/Levels/UEDPIE_0_HUBWorld.HUBWorld (0.023819s)
[2017.10.24-00.39.37:230][928]LogInit: XAudio2 using 'Speakers (Realtek High Definition Audio)' : 2 channels at 48 kHz using 32 bits per sample (channel mask 0x3)
[2017.10.24-00.39.37:241][928]LogInit: FAudioDevice initialized.
[2017.10.24-00.39.37:283][928]LogLoad: Game class is 'FirstPersonGameMode_C'
[2017.10.24-00.39.37:288][928]LogWorld: Bringing World /Game/Game/Levels/UEDPIE_0_HUBWorld.HUBWorld up for play (max tick rate 60) at 2017.10.23-20.39.37
[2017.10.24-00.39.37:289][928]LogWorld: Bringing up level for play took: 0.004102
[2017.10.24-00.39.37:321][928]LogContentBrowser: Native class hierarchy updated for 'MovieSceneCapture' in 0.0008 seconds. Added 11 classes and 0 folders.
[2017.10.24-00.39.37:322][928]PIE: Play in editor start time for /Game/Game/Levels/UEDPIE_0_HUBWorld 0.296
[2017.10.24-00.39.37:322][928]LogBlueprintUserMessages: Late PlayInEditor Detection: Level '/Game/Game/Levels/HUBWorld.HUBWorld:PersistentLevel' has LevelScriptBlueprint '/Game/Game/Levels/HUBWorld.HUBWorld:PersistentLevel.HUBWorld' with GeneratedClass '/Game/Game/Levels/HUBWorld.HUBWorld_C' with ClassGeneratedBy '/Game/Game/Levels/HUBWorld.HUBWorld:PersistentLevel.HUBWorld'
[2017.10.24-00.39.46:081][451]LogBlueprintUserMessages: Early EndPlayMap Detection: Level '/Game/Game/Levels/HUBWorld.HUBWorld:PersistentLevel' has LevelScriptBlueprint '/Game/Game/Levels/HUBWorld.HUBWorld:PersistentLevel.HUBWorld' with GeneratedClass '/Game/Game/Levels/HUBWorld.HUBWorld_C' with ClassGeneratedBy '/Game/Game/Levels/HUBWorld.HUBWorld:PersistentLevel.HUBWorld'
[2017.10.24-00.39.46:131][451]LogBlueprintUserMessages: Late EndPlayMap Detection: Level '/Game/Game/Levels/HUBWorld.HUBWorld:PersistentLevel' has LevelScriptBlueprint '/Game/Game/Levels/HUBWorld.HUBWorld:PersistentLevel.HUBWorld' with GeneratedClass '/Game/Game/Levels/HUBWorld.HUBWorld_C' with ClassGeneratedBy '/Game/Game/Levels/HUBWorld.HUBWorld:PersistentLevel.HUBWorld'
[2017.10.24-00.40.07:019][526]BlueprintLog: New page: Compile BigRotatingPlatform
[2017.10.24-00.40.11:878][791]LogTemp: Repeating last play command: Selected Viewport
[2017.10.24-00.40.11:900][791]LogBlueprintUserMessages: Early PlayInEditor Detection: Level '/Game/Game/Levels/HUBWorld.HUBWorld:PersistentLevel' has LevelScriptBlueprint '/Game/Game/Levels/HUBWorld.HUBWorld:PersistentLevel.HUBWorld' with GeneratedClass '/Game/Game/Levels/HUBWorld.HUBWorld_C' with ClassGeneratedBy '/Game/Game/Levels/HUBWorld.HUBWorld:PersistentLevel.HUBWorld'
[2017.10.24-00.40.11:900][791]LogPlayLevel: PlayLevel: No blueprints needed recompiling
[2017.10.24-00.40.11:901][791]PIE: New page: PIE session: HUBWorld (Oct 23, 2017, 4:40:11 PM)
[2017.10.24-00.40.11:901][791]LogPlayLevel: Creating play world package: /Game/Game/Levels/UEDPIE_0_HUBWorld
[2017.10.24-00.40.11:925][791]LogPlayLevel: PIE: StaticDuplicateObject took: (0.023559s)
[2017.10.24-00.40.11:926][791]LogAIModule: Creating AISystem for world HUBWorld
[2017.10.24-00.40.11:926][791]LogPlayLevel: PIE: World Init took: (0.001098s)
[2017.10.24-00.40.11:927][791]LogPlayLevel: PIE: Created PIE world by copying editor world from /Game/Game/Levels/HUBWorld.HUBWorld to /Game/Game/Levels/UEDPIE_0_HUBWorld.HUBWorld (0.025071s)
[2017.10.24-00.40.11:948][791]LogInit: XAudio2 using 'Speakers (Realtek High Definition Audio)' : 2 channels at 48 kHz using 32 bits per sample (channel mask 0x3)
[2017.10.24-00.40.11:959][791]LogInit: FAudioDevice initialized.
[2017.10.24-00.40.11:992][791]LogLoad: Game class is 'FirstPersonGameMode_C'
[2017.10.24-00.40.11:997][791]LogWorld: Bringing World /Game/Game/Levels/UEDPIE_0_HUBWorld.HUBWorld up for play (max tick rate 60) at 2017.10.23-20.40.11
[2017.10.24-00.40.11:997][791]LogWorld: Bringing up level for play took: 0.003933
[2017.10.24-00.40.11:998][791]PIE: Play in editor start time for /Game/Game/Levels/UEDPIE_0_HUBWorld 0.972
[2017.10.24-00.40.11:998][791]LogBlueprintUserMessages: Late PlayInEditor Detection: Level '/Game/Game/Levels/HUBWorld.HUBWorld:PersistentLevel' has LevelScriptBlueprint '/Game/Game/Levels/HUBWorld.HUBWorld:PersistentLevel.HUBWorld' with GeneratedClass '/Game/Game/Levels/HUBWorld.HUBWorld_C' with ClassGeneratedBy '/Game/Game/Levels/HUBWorld.HUBWorld:PersistentLevel.HUBWorld'
[2017.10.24-00.40.28:537][782]LogBlueprintUserMessages: Early EndPlayMap Detection: Level '/Game/Game/Levels/HUBWorld.HUBWorld:PersistentLevel' has LevelScriptBlueprint '/Game/Game/Levels/HUBWorld.HUBWorld:PersistentLevel.HUBWorld' with GeneratedClass '/Game/Game/Levels/HUBWorld.HUBWorld_C' with ClassGeneratedBy '/Game/Game/Levels/HUBWorld.HUBWorld:PersistentLevel.HUBWorld'
[2017.10.24-00.40.28:590][782]LogBlueprintUserMessages: Late EndPlayMap Detection: Level '/Game/Game/Levels/HUBWorld.HUBWorld:PersistentLevel' has LevelScriptBlueprint '/Game/Game/Levels/HUBWorld.HUBWorld:PersistentLevel.HUBWorld' with GeneratedClass '/Game/Game/Levels/HUBWorld.HUBWorld_C' with ClassGeneratedBy '/Game/Game/Levels/HUBWorld.HUBWorld:PersistentLevel.HUBWorld'
[2017.10.24-00.40.35:793][188]LogSavePackage: Save=244.46ms
[2017.10.24-00.40.35:793][188]LogSavePackage: Moving '../../../../../../SourceTree/TomMakes/OrbChaser/GDD2Platformer/Saved/HUBWorld9D00F86B4ED22EAC92FE7CA869124F7B.tmp' to '../../../../../../SourceTree/TomMakes/OrbChaser/GDD2Platformer/Content/Game/Levels/HUBWorld.umap'
[2017.10.24-00.40.35:799][188]LogSavePackage: Display: Finished SavePackage ../../../../../../SourceTree/TomMakes/OrbChaser/GDD2Platformer/Content/Game/Levels/HUBWorld.umap
[2017.10.24-00.40.35:832][188]LogFileHelpers: Saving map 'HUBWorld' took 0.382
[2017.10.24-00.40.35:895][188]LogSavePackage: Save=33.29ms
[2017.10.24-00.40.35:895][188]LogSavePackage: Moving '../../../../../../SourceTree/TomMakes/OrbChaser/GDD2Platformer/Saved/BigRotatingPlatformA826FA3D49470F5DCE26C39FD527BC9B.tmp' to '../../../../../../SourceTree/TomMakes/OrbChaser/GDD2Platformer/Content/Game/Blueprints/RotatingStairs/BigRotatingPlatform.uasset'
[2017.10.24-00.40.35:898][188]LogSavePackage: Display: Finished SavePackage ../../../../../../SourceTree/TomMakes/OrbChaser/GDD2Platformer/Content/Game/Blueprints/RotatingStairs/BigRotatingPlatform.uasset
[2017.10.24-00.40.37:092][250]LogWindowsTextInputMethodSystem: Display: IME system now deactivated.
[2017.10.24-00.40.37:269][251]Cmd: QUIT_EDITOR
[2017.10.24-00.40.37:956][251]LogExit: Preparing to exit.
[2017.10.24-00.40.38:910][251]LogDirectoryWatcher: A directory notification for 'D:/SourceTree/TomMakes/OrbChaser/GDD2Platformer/Content/' was aborted.
[2017.10.24-00.40.38:944][251]LogExit: Editor shut down
[2017.10.24-00.40.38:946][251]LogExit: Transaction tracking system shut down
[2017.10.24-00.40.39:151][251]LogDirectoryWatcher: A directory notification for '../../../Engine/Content/' was aborted.
[2017.10.24-00.40.39:151][251]LogDirectoryWatcher: A directory notification for '../../../../../../SourceTree/TomMakes/OrbChaser/GDD2Platformer/Content/' was aborted.
[2017.10.24-00.40.39:151][251]LogDirectoryWatcher: A directory notification for '../../../Engine/Plugins/2D/Paper2D/Content/' was aborted.
[2017.10.24-00.40.39:151][251]LogDirectoryWatcher: A directory notification for '../../../Engine/Plugins/Runtime/Oculus/OculusVR/Content/' was aborted.
[2017.10.24-00.40.39:152][251]LogDirectoryWatcher: A directory notification for '../../../Engine/Plugins/Runtime/Steam/SteamVR/Content/' was aborted.
[2017.10.24-00.40.39:232][251]LogExit: Object subsystem successfully closed.
[2017.10.24-00.40.39:247][251]LogD3D11RHI: Shutdown
[2017.10.24-00.40.39:247][251]LogD3D11RHI: CleanupD3DDevice
[2017.10.24-00.40.39:339][251]LogD3D11RHI: ~FD3D11DynamicRHI
[2017.10.24-00.40.39:347][251]LogModuleManager: Shutting down and abandoning module MovieSceneCapture (536)
[2017.10.24-00.40.39:347][251]LogModuleManager: Shutting down and abandoning module BlueprintGraph (534)
[2017.10.24-00.40.39:347][251]LogModuleManager: Shutting down and abandoning module BlueprintProfiler (532)
[2017.10.24-00.40.39:347][251]LogModuleManager: Shutting down and abandoning module HierarchicalLODOutliner (530)
[2017.10.24-00.40.39:347][251]LogModuleManager: Shutting down and abandoning module SceneOutliner (528)
[2017.10.24-00.40.39:347][251]LogModuleManager: Shutting down and abandoning module AddContentDialog (526)
[2017.10.24-00.40.39:347][251]LogDirectoryWatcher: A directory notification for 'D:/Programs/UDK/UE_4.17/FeaturePacks/' was aborted.
[2017.10.24-00.40.39:348][251]LogModuleManager: Shutting down and abandoning module WidgetCarousel (525)
[2017.10.24-00.40.39:348][251]LogModuleManager: Shutting down and abandoning module EditorWidgets (522)
[2017.10.24-00.40.39:348][251]LogModuleManager: Shutting down and abandoning module CollectionManager (520)
[2017.10.24-00.40.39:348][251]LogDirectoryWatcher: A directory notification for 'D:/SourceTree/TomMakes/OrbChaser/GDD2Platformer/Content/Collections/' was aborted.
[2017.10.24-00.40.39:348][251]LogDirectoryWatcher: A directory notification for 'D:/SourceTree/TomMakes/OrbChaser/GDD2Platformer/Content/Developers/owner/Collections/' was aborted.
[2017.10.24-00.40.39:348][251]LogDirectoryWatcher: A directory notification for 'D:/SourceTree/TomMakes/OrbChaser/GDD2Platformer/Saved/Collections/' was aborted.
[2017.10.24-00.40.39:348][251]LogModuleManager: Shutting down and abandoning module StatsViewer (518)
[2017.10.24-00.40.39:348][251]LogModuleManager: Shutting down and abandoning module FoliageEdit (516)
[2017.10.24-00.40.39:348][251]LogModuleManager: Shutting down and abandoning module LandscapeEditor (514)
[2017.10.24-00.40.39:348][251]LogModuleManager: Shutting down and abandoning module MeshPaintMode (512)
[2017.10.24-00.40.39:348][251]LogModuleManager: Shutting down and abandoning module SceneDepthPickerMode (510)
[2017.10.24-00.40.39:348][251]LogModuleManager: Shutting down and abandoning module ActorPickerMode (508)
[2017.10.24-00.40.39:349][251]LogModuleManager: Shutting down and abandoning module GeometryMode (506)
[2017.10.24-00.40.39:349][251]LogModuleManager: Shutting down and abandoning module TextureAlignMode (504)
[2017.10.24-00.40.39:349][251]LogModuleManager: Shutting down and abandoning module BspMode (502)
[2017.10.24-00.40.39:349][251]LogModuleManager: Shutting down and abandoning module PIEPreviewDeviceProfileSelector (500)
[2017.10.24-00.40.39:349][251]LogModuleManager: Shutting down and abandoning module HardwareSurvey (498)
[2017.10.24-00.40.39:349][251]LogModuleManager: Shutting down and abandoning module SequenceRecorderSections (496)
[2017.10.24-00.40.39:349][251]LogModuleManager: Shutting down and abandoning module AutomationWorker (494)
[2017.10.24-00.40.39:349][251]LogModuleManager: Shutting down and abandoning module MatineeToLevelSequence (492)
[2017.10.24-00.40.39:349][251]LogModuleManager: Shutting down and abandoning module LevelSequenceEditor (490)
[2017.10.24-00.40.39:349][251]LogModuleManager: Shutting down and abandoning module PlacementMode (489)
[2017.10.24-00.40.39:349][251]LogModuleManager: Shutting down and abandoning module WmfMediaFactory (486)
[2017.10.24-00.40.39:349][251]LogModuleManager: Shutting down and abandoning module WmfMediaEditor (484)
[2017.10.24-00.40.39:349][251]LogModuleManager: Shutting down and abandoning module AvfMediaFactory (482)
[2017.10.24-00.40.39:349][251]LogModuleManager: Shutting down and abandoning module AvfMediaEditor (480)
[2017.10.24-00.40.39:349][251]LogModuleManager: Shutting down and abandoning module AndroidMediaFactory (478)
[2017.10.24-00.40.39:349][251]LogModuleManager: Shutting down and abandoning module Media (477)
[2017.10.24-00.40.39:349][251]LogModuleManager: Shutting down and abandoning module AndroidMediaEditor (474)
[2017.10.24-00.40.39:349][251]LogModuleManager: Shutting down and abandoning module CharacterAI (472)
[2017.10.24-00.40.39:349][251]LogModuleManager: Shutting down and abandoning module AudioCapture (470)
[2017.10.24-00.40.39:349][251]LogModuleManager: Shutting down and abandoning module SequenceRecorder (469)
[2017.10.24-00.40.39:349][251]LogModuleManager: Shutting down and abandoning module SmartSnapping (466)
[2017.10.24-00.40.39:349][251]LogModuleManager: Shutting down and abandoning module SessionServices (464)
[2017.10.24-00.40.39:349][251]LogModuleManager: Shutting down and abandoning module ViewportSnapping (462)
[2017.10.24-00.40.39:349][251]LogModuleManager: Shutting down and abandoning module ViewportInteraction (460)
[2017.10.24-00.40.39:349][251]LogModuleManager: Shutting down and abandoning module ClothPainter (458)
[2017.10.24-00.40.39:349][251]LogModuleManager: Shutting down and abandoning module LogVisualizer (456)
[2017.10.24-00.40.39:349][251]LogModuleManager: Shutting down and abandoning module IntroTutorials (454)
[2017.10.24-00.40.39:349][251]LogModuleManager: Shutting down and abandoning module GameProjectGeneration (453)
[2017.10.24-00.40.39:349][251]LogModuleManager: Shutting down and abandoning module IOSPlatformEditor (450)
[2017.10.24-00.40.39:349][251]LogModuleManager: Shutting down and abandoning module HTML5PlatformEditor (448)
[2017.10.24-00.40.39:349][251]LogModuleManager: Shutting down and abandoning module AndroidPlatformEditor (446)
[2017.10.24-00.40.39:349][251]LogModuleManager: Shutting down and abandoning module AndroidDeviceDetection (445)
[2017.10.24-00.40.39:512][251]LogModuleManager: Shutting down and abandoning module WindowsPlatformEditor (442)
[2017.10.24-00.40.39:512][251]LogModuleManager: Shutting down and abandoning module IOSRuntimeSettings (440)
[2017.10.24-00.40.39:512][251]LogModuleManager: Shutting down and abandoning module AndroidRuntimeSettings (438)
[2017.10.24-00.40.39:512][251]LogModuleManager: Shutting down and abandoning module InputBindingEditor (436)
[2017.10.24-00.40.39:512][251]LogModuleManager: Shutting down and abandoning module MergeActors (434)
[2017.10.24-00.40.39:512][251]LogModuleManager: Shutting down and abandoning module SizeMap (432)
[2017.10.24-00.40.39:512][251]LogModuleManager: Shutting down and abandoning module TreeMap (430)
[2017.10.24-00.40.39:512][251]LogModuleManager: Shutting down and abandoning module ReferenceViewer (428)
[2017.10.24-00.40.39:512][251]LogModuleManager: Shutting down and abandoning module LocalizationDashboard (426)
[2017.10.24-00.40.39:513][251]LogModuleManager: Shutting down and abandoning module LocalizationService (425)
[2017.10.24-00.40.39:513][251]LogModuleManager: Shutting down and abandoning module HardwareTargeting (422)
[2017.10.24-00.40.39:513][251]LogModuleManager: Shutting down and abandoning module DeviceProfileEditor (420)
[2017.10.24-00.40.39:513][251]LogModuleManager: Shutting down and abandoning module UndoHistory (418)
[2017.10.24-00.40.39:513][251]LogModuleManager: Shutting down and abandoning module XmlParser (416)
[2017.10.24-00.40.39:513][251]LogModuleManager: Shutting down and abandoning module Blutility (414)
[2017.10.24-00.40.39:513][251]LogModuleManager: Shutting down and abandoning module ProjectSettingsViewer (412)
[2017.10.24-00.40.39:513][251]LogModuleManager: Shutting down and abandoning module ProjectTargetPlatformEditor (411)
[2017.10.24-00.40.39:513][251]LogModuleManager: Shutting down and abandoning module EditorSettingsViewer (408)
[2017.10.24-00.40.39:513][251]LogModuleManager: Shutting down and abandoning module SettingsEditor (406)
[2017.10.24-00.40.39:513][251]LogModuleManager: Shutting down and abandoning module ProjectLauncher (404)
[2017.10.24-00.40.39:513][251]LogModuleManager: Shutting down and abandoning module SessionFrontend (402)
[2017.10.24-00.40.39:513][251]LogModuleManager: Shutting down and abandoning module ProfilerClient (400)
[2017.10.24-00.40.39:513][251]LogModuleManager: Shutting down and abandoning module DeviceManager (398)
[2017.10.24-00.40.39:513][251]LogModuleManager: Shutting down and abandoning module TargetDeviceServices (397)
[2017.10.24-00.40.39:579][251]LogModuleManager: Shutting down and abandoning module AutomationController (394)
[2017.10.24-00.40.39:579][251]LogModuleManager: Shutting down and abandoning module AutomationWindow (392)
[2017.10.24-00.40.39:579][251]LogModuleManager: Shutting down and abandoning module Layers (390)
[2017.10.24-00.40.39:579][251]LogModuleManager: Shutting down and abandoning module ComponentVisualizers (388)
[2017.10.24-00.40.39:579][251]LogModuleManager: Shutting down and abandoning module DetailCustomizations (386)
[2017.10.24-00.40.39:579][251]LogModuleManager: Shutting down and abandoning module PackagesDialog (384)
[2017.10.24-00.40.39:579][251]LogModuleManager: Shutting down and abandoning module Persona (382)
[2017.10.24-00.40.39:579][251]LogModuleManager: Shutting down and abandoning module AdvancedPreviewScene (381)
[2017.10.24-00.40.39:579][251]LogModuleManager: Shutting down and abandoning module AnimGraph (379)
[2017.10.24-00.40.39:579][251]LogModuleManager: Shutting down and abandoning module Kismet (376)
[2017.10.24-00.40.39:586][251]LogModuleManager: Shutting down and abandoning module ClassViewer (374)
[2017.10.24-00.40.39:586][251]LogModuleManager: Shutting down and abandoning module Toolbox (372)
[2017.10.24-00.40.39:586][251]LogModuleManager: Shutting down and abandoning module ModuleUI (370)
[2017.10.24-00.40.39:586][251]LogModuleManager: Shutting down and abandoning module MovieSceneTools (368)
[2017.10.24-00.40.39:586][251]LogModuleManager: Shutting down and abandoning module OutputLog (366)
[2017.10.24-00.40.39:586][251]LogModuleManager: Shutting down and abandoning module GammaUI (364)
[2017.10.24-00.40.39:586][251]LogModuleManager: Shutting down and abandoning module Documentation (362)
[2017.10.24-00.40.39:586][251]LogModuleManager: Shutting down and abandoning module MovieSceneTracks (360)
[2017.10.24-00.40.39:586][251]LogModuleManager: Shutting down and abandoning module MovieScene (358)
[2017.10.24-00.40.39:586][251]LogModuleManager: Shutting down and abandoning module Niagara (356)
[2017.10.24-00.40.39:586][251]LogModuleManager: Shutting down and abandoning module NiagaraEditor (355)
[2017.10.24-00.40.39:586][251]LogModuleManager: Shutting down and abandoning module StreamingPauseRendering (352)
[2017.10.24-00.40.39:586][251]LogModuleManager: Shutting down and abandoning module LauncherPlatform (350)
[2017.10.24-00.40.39:587][251]LogModuleManager: Shutting down and abandoning module AnalyticsET (348)
[2017.10.24-00.40.39:587][251]LogModuleManager: Shutting down and abandoning module PortalServices (346)
[2017.10.24-00.40.39:587][251]LogModuleManager: Shutting down and abandoning module PortalRpc (344)
[2017.10.24-00.40.39:587][251]LogModuleManager: Shutting down and abandoning module MessagingRpc (342)
[2017.10.24-00.40.39:587][251]LogModuleManager: Shutting down and abandoning module AIModule (340)
[2017.10.24-00.40.39:587][251]LogModuleManager: Shutting down and abandoning module GameplayDebugger (339)
[2017.10.24-00.40.39:587][251]LogModuleManager: Shutting down and abandoning module AITestSuite (337)
[2017.10.24-00.40.39:587][251]LogModuleManager: Shutting down and abandoning module ProfilerService (334)
[2017.10.24-00.40.39:721][251]LogModuleManager: Shutting down and abandoning module TaskGraph (332)
[2017.10.24-00.40.39:721][251]LogModuleManager: Shutting down and abandoning module SteamVRController (330)
[2017.10.24-00.40.39:721][251]LogModuleManager: Shutting down and abandoning module ProceduralMeshComponentEditor (328)
[2017.10.24-00.40.39:721][251]LogModuleManager: Shutting down and abandoning module ProceduralMeshComponent (326)
[2017.10.24-00.40.39:721][251]LogModuleManager: Shutting down and abandoning module OculusInput (324)
[2017.10.24-00.40.39:721][251]LogModuleManager: Shutting down and abandoning module MobilePatchingUtils (322)
[2017.10.24-00.40.39:721][251]LogModuleManager: Shutting down and abandoning module CustomMeshComponent (320)
[2017.10.24-00.40.39:721][251]LogModuleManager: Shutting down and abandoning module CableComponent (318)
[2017.10.24-00.40.39:721][251]LogModuleManager: Shutting down and abandoning module ArchVisCharacter (316)
[2017.10.24-00.40.39:721][251]LogModuleManager: Shutting down and abandoning module AndroidPermission (314)
[2017.10.24-00.40.39:721][251]LogModuleManager: Shutting down and abandoning module MediaPlayerEditor (310)
[2017.10.24-00.40.39:721][251]LogModuleManager: Shutting down and abandoning module HTML5Networking (308)
[2017.10.24-00.40.39:721][251]LogModuleManager: Shutting down and abandoning module AlembicImporter (306)
[2017.10.24-00.40.39:721][251]LogModuleManager: Shutting down and abandoning module AlembicLibrary (305)
[2017.10.24-00.40.39:721][251]LogModuleManager: Shutting down and abandoning module GeometryCache (304)
[2017.10.24-00.40.39:721][251]LogModuleManager: Shutting down and abandoning module GeometryCacheEd (303)
[2017.10.24-00.40.39:721][251]LogModuleManager: Shutting down and abandoning module SpeedTreeImporter (298)
[2017.10.24-00.40.39:721][251]LogModuleManager: Shutting down and abandoning module PluginBrowser (296)
[2017.10.24-00.40.39:721][251]LogModuleManager: Shutting down and abandoning module MobileLauncherProfileWizard (294)
[2017.10.24-00.40.39:722][251]LogModuleManager: Shutting down and abandoning module VisualStudioSourceCodeAccess (292)
[2017.10.24-00.40.39:722][251]LogModuleManager: Shutting down and abandoning module DesktopPlatform (291)
[2017.10.24-00.40.39:722][251]LogModuleManager: Shutting down and abandoning module UObjectPlugin (288)
[2017.10.24-00.40.39:722][251]LogModuleManager: Shutting down and abandoning module SubversionSourceControl (286)
[2017.10.24-00.40.39:722][251]LogModuleManager: Shutting down and abandoning module PerforceSourceControl (284)
[2017.10.24-00.40.39:722][251]LogModuleManager: Shutting down and abandoning module GitSourceControl (282)
[2017.10.24-00.40.39:722][251]LogModuleManager: Shutting down and abandoning module SourceControl (281)
[2017.10.24-00.40.39:722][251]LogModuleManager: Shutting down and abandoning module LightPropagationVolumeEditor (278)
[2017.10.24-00.40.39:722][251]LogModuleManager: Shutting down and abandoning module PaperTiledImporter (276)
[2017.10.24-00.40.39:722][251]LogModuleManager: Shutting down and abandoning module PaperSpriteSheetImporter (274)
[2017.10.24-00.40.39:722][251]LogModuleManager: Shutting down and abandoning module Paper2DEditor (272)
[2017.10.24-00.40.39:722][251]LogModuleManager: Shutting down and abandoning module MeshPaint (271)
[2017.10.24-00.40.39:722][251]LogModuleManager: Shutting down and abandoning module LevelEditor (269)
[2017.10.24-00.40.39:722][251]LogModuleManager: Shutting down and abandoning module PixelInspectorModule (268)
[2017.10.24-00.40.39:723][251]LogModuleManager: Shutting down and abandoning module MainFrame (266)
[2017.10.24-00.40.39:723][251]LogModuleManager: Shutting down and abandoning module HotReload (265)
[2017.10.24-00.40.39:723][251]LogModuleManager: Shutting down and abandoning module RuntimePhysXCooking (260)
[2017.10.24-00.40.39:723][251]LogModuleManager: Shutting down and abandoning module PhysXVehiclesEditor (258)
[2017.10.24-00.40.39:723][251]LogModuleManager: Shutting down and abandoning module PhysXVehicles (256)
[2017.10.24-00.40.39:723][251]LogModuleManager: Shutting down and abandoning module OculusEditor (254)
[2017.10.24-00.40.39:723][251]LogModuleManager: Shutting down and abandoning module LocationServicesBPLibrary (252)
[2017.10.24-00.40.39:723][251]LogModuleManager: Shutting down and abandoning module ImmediatePhysicsEditor (250)
[2017.10.24-00.40.39:723][251]LogModuleManager: Shutting down and abandoning module ImmediatePhysics (248)
[2017.10.24-00.40.39:723][251]LogModuleManager: Shutting down and abandoning module UdpMessaging (246)
[2017.10.24-00.40.39:824][251]LogModuleManager: Shutting down and abandoning module TcpMessaging (244)
[2017.10.24-00.40.39:925][251]LogModuleManager: Shutting down and abandoning module GameplayTagsEditor (242)
[2017.10.24-00.40.39:925][251]LogModuleManager: Shutting down and abandoning module FacialAnimationEditor (240)
[2017.10.24-00.40.39:925][251]LogModuleManager: Shutting down and abandoning module FacialAnimation (238)
[2017.10.24-00.40.39:925][251]LogModuleManager: Shutting down and abandoning module AssetManagerEditor (236)
[2017.10.24-00.40.39:925][251]LogModuleManager: Shutting down and abandoning module GraphEditor (235)
[2017.10.24-00.40.39:925][251]LogModuleManager: Shutting down and abandoning module ContentBrowser (233)
[2017.10.24-00.40.39:926][251]LogModuleManager: Shutting down and abandoning module LightPropagationVolumeRuntime (230)
[2017.10.24-00.40.39:926][251]LogModuleManager: Shutting down and abandoning module Paper2D (228)
[2017.10.24-00.40.39:926][251]LogModuleManager: Shutting down and abandoning module WindowsMoviePlayer (226)
[2017.10.24-00.40.39:926][251]LogModuleManager: Shutting down and abandoning module WmfMedia (224)
[2017.10.24-00.40.39:926][251]LogModuleManager: Shutting down and abandoning module PacketHandler (222)
[2017.10.24-00.40.39:926][251]LogModuleManager: Shutting down and abandoning module ClothingSystemEditor (220)
[2017.10.24-00.40.39:926][251]LogModuleManager: Shutting down and abandoning module ClothingSystemRuntime (218)
[2017.10.24-00.40.39:926][251]LogModuleManager: Shutting down and abandoning module Overlay (216)
[2017.10.24-00.40.39:926][251]LogModuleManager: Shutting down and abandoning module OverlayEditor (215)
[2017.10.24-00.40.39:926][251]LogModuleManager: Shutting down and abandoning module MediaAssets (212)
[2017.10.24-00.40.39:926][251]LogModuleManager: Shutting down and abandoning module VREditor (210)
[2017.10.24-00.40.39:926][251]LogModuleManager: Shutting down and abandoning module StringTableEditor (208)
[2017.10.24-00.40.39:926][251]LogModuleManager: Shutting down and abandoning module GameplayTasksEditor (206)
[2017.10.24-00.40.39:926][251]LogModuleManager: Shutting down and abandoning module BehaviorTreeEditor (204)
[2017.10.24-00.40.39:926][251]LogModuleManager: Shutting down and abandoning module FunctionalTesting (202)
[2017.10.24-00.40.39:926][251]LogModuleManager: Shutting down and abandoning module CollisionAnalyzer (200)
[2017.10.24-00.40.39:926][251]LogModuleManager: Shutting down and abandoning module WorkspaceMenuStructure (199)
[2017.10.24-00.40.39:926][251]LogModuleManager: Shutting down and abandoning module UMG (196)
[2017.10.24-00.40.39:926][251]LogModuleManager: Shutting down and abandoning module UMGEditor (195)
[2017.10.24-00.40.39:926][251]LogModuleManager: Shutting down and abandoning module Sequencer (194)
[2017.10.24-00.40.39:926][251]LogModuleManager: Shutting down and abandoning module MessageLog (191)
[2017.10.24-00.40.39:926][251]LogModuleManager: Shutting down and abandoning module SlateReflector (186)
[2017.10.24-00.40.39:926][251]LogModuleManager: Shutting down and abandoning module Slate (184)
[2017.10.24-00.40.39:926][251]LogModuleManager: Shutting down and abandoning module EditorStyle (182)
[2017.10.24-00.40.39:928][251]LogModuleManager: Shutting down and abandoning module MRMesh (180)
[2017.10.24-00.40.39:928][251]LogModuleManager: Shutting down and abandoning module SourceCodeAccess (178)
[2017.10.24-00.40.39:928][251]LogModuleManager: Shutting down and abandoning module HeadMountedDisplay (176)
[2017.10.24-00.40.39:928][251]LogModuleManager: Shutting down and abandoning module XAudio2 (174)
[2017.10.24-00.40.39:928][251]LogModuleManager: Shutting down and abandoning module Networking (172)
[2017.10.24-00.40.39:928][251]LogModuleManager: Shutting down and abandoning module Core (168)
[2017.10.24-00.40.39:928][251]LogModuleManager: Shutting down and abandoning module KismetCompiler (164)
[2017.10.24-00.40.39:928][251]LogModuleManager: Shutting down and abandoning module LevelSequence (162)
[2017.10.24-00.40.39:928][251]LogModuleManager: Shutting down and abandoning module MeshUtilities (160)
[2017.10.24-00.40.39:928][251]LogModuleManager: Shutting down and abandoning module MeshMergeUtilities (159)
[2017.10.24-00.40.39:928][251]LogModuleManager: Shutting down and abandoning module MeshReductionInterface (158)
[2017.10.24-00.40.39:928][251]LogModuleManager: Shutting down and abandoning module SimplygonSwarm (157)
[2017.10.24-00.40.39:928][251]LogModuleManager: Shutting down and abandoning module SimplygonMeshReduction (155)
[2017.10.24-00.40.39:928][251]LogModuleManager: Shutting down and abandoning module QuadricMeshReduction (153)
[2017.10.24-00.40.39:928][251]LogModuleManager: Shutting down and abandoning module MaterialBaking (149)
[2017.10.24-00.40.39:928][251]LogModuleManager: Shutting down and abandoning module DirectoryWatcher (146)
[2017.10.24-00.40.39:929][251]LogModuleManager: Shutting down and abandoning module DerivedDataCache (144)
[2017.10.24-00.40.39:938][251]LogDerivedDataCache: Shutdown
[2017.10.24-00.40.39:938][251]LogModuleManager: Shutting down and abandoning module TargetPlatform (142)
[2017.10.24-00.40.39:938][251]LogModuleManager: Shutting down and abandoning module VulkanShaderFormat (141)
[2017.10.24-00.40.39:938][251]LogModuleManager: Shutting down and abandoning module ShaderFormatVectorVM (139)
[2017.10.24-00.40.39:938][251]LogModuleManager: Shutting down and abandoning module ShaderFormatOpenGL (137)
[2017.10.24-00.40.39:938][251]LogModuleManager: Shutting down and abandoning module ShaderFormatD3D (135)
[2017.10.24-00.40.39:938][251]LogModuleManager: Shutting down and abandoning module MetalShaderFormat (133)
[2017.10.24-00.40.39:938][251]LogModuleManager: Shutting down and abandoning module TextureFormatUncompressed (131)
[2017.10.24-00.40.39:938][251]LogModuleManager: Shutting down and abandoning module TextureFormatPVR (129)
[2017.10.24-00.40.39:938][251]LogModuleManager: Shutting down and abandoning module TextureFormatDXT (127)
[2017.10.24-00.40.39:938][251]LogModuleManager: Shutting down and abandoning module TextureFormatIntelISPCTexComp (125)
[2017.10.24-00.40.39:938][251]LogModuleManager: Shutting down and abandoning module TextureFormatASTC (123)
[2017.10.24-00.40.39:938][251]LogModuleManager: Shutting down and abandoning module ImageWrapper (122)
[2017.10.24-00.40.39:938][251]LogModuleManager: Shutting down and abandoning module TextureFormatAndroid (119)
[2017.10.24-00.40.39:938][251]LogModuleManager: Shutting down and abandoning module AudioFormatOpus (117)
[2017.10.24-00.40.39:938][251]LogModuleManager: Shutting down and abandoning module AudioFormatOgg (115)
[2017.10.24-00.40.39:938][251]LogModuleManager: Shutting down and abandoning module AudioFormatADPCM (113)
[2017.10.24-00.40.39:938][251]LogModuleManager: Shutting down and abandoning module LinuxTargetPlatform (111)
[2017.10.24-00.40.39:938][251]LogModuleManager: Shutting down and abandoning module LinuxServerTargetPlatform (109)
[2017.10.24-00.40.39:938][251]LogModuleManager: Shutting down and abandoning module LinuxNoEditorTargetPlatform (107)
[2017.10.24-00.40.39:938][251]LogModuleManager: Shutting down and abandoning module LinuxClientTargetPlatform (105)
[2017.10.24-00.40.39:938][251]LogModuleManager: Shutting down and abandoning module TVOSTargetPlatform (103)
[2017.10.24-00.40.39:938][251]LogModuleManager: Shutting down and abandoning module Messaging (101)
[2017.10.24-00.40.39:939][251]LogModuleManager: Shutting down and abandoning module IOSTargetPlatform (99)
[2017.10.24-00.40.39:939][251]LogModuleManager: Shutting down and abandoning module HTML5TargetPlatform (97)
[2017.10.24-00.40.39:939][251]LogModuleManager: Shutting down and abandoning module Android_PVRTCTargetPlatform (95)
[2017.10.24-00.40.39:939][251]LogModuleManager: Shutting down and abandoning module Android_MultiTargetPlatform (93)
[2017.10.24-00.40.39:939][251]LogModuleManager: Shutting down and abandoning module Android_ETC2TargetPlatform (91)
[2017.10.24-00.40.39:939][251]LogModuleManager: Shutting down and abandoning module Android_ETC1TargetPlatform (89)
[2017.10.24-00.40.39:939][251]LogModuleManager: Shutting down and abandoning module Android_DXTTargetPlatform (87)
[2017.10.24-00.40.39:939][251]LogModuleManager: Shutting down and abandoning module Android_ATCTargetPlatform (85)
[2017.10.24-00.40.39:939][251]LogModuleManager: Shutting down and abandoning module Android_ASTCTargetPlatform (83)
[2017.10.24-00.40.39:939][251]LogModuleManager: Shutting down and abandoning module AndroidTargetPlatform (81)
[2017.10.24-00.40.39:939][251]LogModuleManager: Shutting down and abandoning module WindowsTargetPlatform (79)
[2017.10.24-00.40.39:939][251]LogModuleManager: Shutting down and abandoning module WindowsServerTargetPlatform (77)
[2017.10.24-00.40.39:939][251]LogModuleManager: Shutting down and abandoning module WindowsNoEditorTargetPlatform (75)
[2017.10.24-00.40.39:939][251]LogModuleManager: Shutting down and abandoning module WindowsClientTargetPlatform (73)
[2017.10.24-00.40.39:939][251]LogModuleManager: Shutting down and abandoning module MacTargetPlatform (71)
[2017.10.24-00.40.39:939][251]LogModuleManager: Shutting down and abandoning module MacServerTargetPlatform (69)
[2017.10.24-00.40.39:939][251]LogModuleManager: Shutting down and abandoning module MacNoEditorTargetPlatform (67)
[2017.10.24-00.40.39:939][251]LogModuleManager: Shutting down and abandoning module MacClientTargetPlatform (65)
[2017.10.24-00.40.39:939][251]LogModuleManager: Shutting down and abandoning module AllDesktopTargetPlatform (63)
[2017.10.24-00.40.39:939][251]LogModuleManager: Shutting down and abandoning module InputCore (60)
[2017.10.24-00.40.39:939][251]LogModuleManager: Shutting down and abandoning module Settings (58)
[2017.10.24-00.40.39:939][251]LogModuleManager: Shutting down and abandoning module PhysXCooking (56)
[2017.10.24-00.40.39:939][251]LogModuleManager: Shutting down and abandoning module SteamVR (54)
[2017.10.24-00.40.39:939][251]LogModuleManager: Shutting down and abandoning module OculusHMD (52)
[2017.10.24-00.40.39:939][251]LogModuleManager: Shutting down and abandoning module ExampleDeviceProfileSelector (50)
[2017.10.24-00.40.39:939][251]LogModuleManager: Shutting down and abandoning module OnlineBlueprintSupport (48)
[2017.10.24-00.40.39:939][251]LogModuleManager: Shutting down and abandoning module OnlineSubsystem (44)
[2017.10.24-00.40.39:939][251]LogOnline: Display: Unloading online subsystem: NULL
[2017.10.24-00.40.39:939][251]LogModuleManager: Shutting down and abandoning module XMPP (43)
[2017.10.24-00.40.39:939][251]LogModuleManager: Shutting down and abandoning module HTTP (41)
[2017.10.24-00.40.39:939][251]LogHttp: Display: Http module shutting down, but needs to wait on 1 outstanding Http requests:
[2017.10.24-00.40.39:939][251]LogHttp: Display: 	verb=[POST] url=[https://datarouter.ol.epicgames.com/datarouter/api/v1/public/data?SessionID=%7B431E5052-4DD5-472F-A9DE-EF9D664A2AE8%7D&AppID=UEEditor.Rocket.Release&AppVersion=4.17.2-3658906%2B%2B%2BUE4%2BRelease-4.17&UserID=95a0683a486597ff75e65ba5635b0fb6%7C4d05623111ed472db954dbd404fb9276%7Cc76979cc-1240-438a-a8aa-338a9df81e78&AppEnvironment=datacollector-binary&UploadType=eteventstream] status=Processing
[2017.10.24-00.40.39:966][251]LogModuleManager: Shutting down and abandoning module SSL (40)
[2017.10.24-00.40.39:967][251]LogModuleManager: Shutting down and abandoning module AnimationModifiers (36)
[2017.10.24-00.40.39:967][251]LogModuleManager: Shutting down and abandoning module PropertyEditor (35)
[2017.10.24-00.40.39:967][251]LogModuleManager: Shutting down and abandoning module AudioEditor (32)
[2017.10.24-00.40.39:967][251]LogModuleManager: Shutting down and abandoning module TextureCompressor (30)
[2017.10.24-00.40.39:967][251]LogModuleManager: Shutting down and abandoning module ShaderCore (28)
[2017.10.24-00.40.39:967][251]LogModuleManager: Shutting down and abandoning module Landscape (26)
[2017.10.24-00.40.39:967][251]LogModuleManager: Shutting down and abandoning module SlateRHIRenderer (24)
[2017.10.24-00.40.39:968][251]LogModuleManager: Shutting down and abandoning module OpenGLDrv (22)
[2017.10.24-00.40.39:968][251]LogModuleManager: Shutting down and abandoning module D3D11RHI (20)
[2017.10.24-00.40.39:968][251]LogModuleManager: Shutting down and abandoning module AnimGraphRuntime (18)
[2017.10.24-00.40.39:968][251]LogModuleManager: Shutting down and abandoning module Renderer (16)
[2017.10.24-00.40.39:968][251]LogModuleManager: Shutting down and abandoning module Engine (14)
[2017.10.24-00.40.39:968][251]LogModuleManager: Shutting down and abandoning module CoreUObject (12)
[2017.10.24-00.40.39:968][251]LogModuleManager: Shutting down and abandoning module NetworkFile (10)
[2017.10.24-00.40.39:968][251]LogModuleManager: Shutting down and abandoning module CookedIterativeFile (8)
[2017.10.24-00.40.39:968][251]LogModuleManager: Shutting down and abandoning module StreamingFile (6)
[2017.10.24-00.40.39:968][251]LogModuleManager: Shutting down and abandoning module SandboxFile (4)
[2017.10.24-00.40.39:968][251]LogModuleManager: Shutting down and abandoning module PakFile (2)
[2017.10.24-00.40.39:970][251]LogExit: Exiting.
[2017.10.24-00.40.39:987][251]Log file closed, 10/23/17 20:40:39
